[0.096s] DEBUG:colcon:Command line arguments: ['/usr/bin/colcon', 'build', '--packages-select', 'fg_bridge']
[0.096s] DEBUG:colcon:Parsed command line arguments: Namespace(log_base=None, log_level=None, verb_name='build', build_base='build', install_base='install', merge_install=False, symlink_install=False, test_result_base=None, continue_on_error=False, executor='parallel', parallel_workers=12, event_handlers=None, ignore_user_meta=False, metas=['./colcon.meta'], base_paths=['.'], packages_ignore=None, packages_ignore_regex=None, paths=None, packages_up_to=None, packages_up_to_regex=None, packages_above=None, packages_above_and_dependencies=None, packages_above_depth=None, packages_select_by_dep=None, packages_skip_by_dep=None, packages_skip_up_to=None, packages_select_build_failed=False, packages_skip_build_finished=False, packages_select_test_failures=False, packages_skip_test_passed=False, packages_select=['fg_bridge'], packages_skip=None, packages_select_regex=None, packages_skip_regex=None, packages_start=None, packages_end=None, allow_overriding=[], cmake_args=None, cmake_target=None, cmake_target_skip_unavailable=False, cmake_clean_cache=False, cmake_clean_first=False, cmake_force_configure=False, ament_cmake_args=None, catkin_cmake_args=None, catkin_skip_building_tests=False, verb_parser=<colcon_defaults.argument_parser.defaults.DefaultArgumentsDecorator object at 0x7c927671d000>, verb_extension=<colcon_core.verb.build.BuildVerb object at 0x7c9276866740>, main=<bound method BuildVerb.main of <colcon_core.verb.build.BuildVerb object at 0x7c9276866740>>)
[0.248s] Level 1:colcon.colcon_core.package_discovery:discover_packages(colcon_meta) check parameters
[0.249s] Level 1:colcon.colcon_core.package_discovery:discover_packages(recursive) check parameters
[0.249s] Level 1:colcon.colcon_core.package_discovery:discover_packages(ignore) check parameters
[0.249s] Level 1:colcon.colcon_core.package_discovery:discover_packages(path) check parameters
[0.249s] Level 1:colcon.colcon_core.package_discovery:discover_packages(colcon_meta) discover
[0.249s] Level 1:colcon.colcon_core.package_discovery:discover_packages(recursive) discover
[0.249s] INFO:colcon.colcon_core.package_discovery:Crawling recursively for packages in '/home/diego/Ros2_fg_prj'
[0.249s] Level 1:colcon.colcon_core.package_identification:_identify(.) by extensions ['ignore', 'ignore_ament_install']
[0.249s] Level 1:colcon.colcon_core.package_identification:_identify(.) by extension 'ignore'
[0.249s] Level 1:colcon.colcon_core.package_identification:_identify(.) by extension 'ignore_ament_install'
[0.250s] Level 1:colcon.colcon_core.package_identification:_identify(.) by extensions ['colcon_pkg']
[0.250s] Level 1:colcon.colcon_core.package_identification:_identify(.) by extension 'colcon_pkg'
[0.250s] Level 1:colcon.colcon_core.package_identification:_identify(.) by extensions ['colcon_meta']
[0.250s] Level 1:colcon.colcon_core.package_identification:_identify(.) by extension 'colcon_meta'
[0.250s] Level 1:colcon.colcon_core.package_identification:_identify(.) by extensions ['ros']
[0.250s] Level 1:colcon.colcon_core.package_identification:_identify(.) by extension 'ros'
[0.259s] Level 1:colcon.colcon_core.package_identification:_identify(.) by extensions ['cmake', 'python']
[0.259s] Level 1:colcon.colcon_core.package_identification:_identify(.) by extension 'cmake'
[0.259s] Level 1:colcon.colcon_core.package_identification:_identify(.) by extension 'python'
[0.259s] Level 1:colcon.colcon_core.package_identification:_identify(.) by extensions ['python_setup_py']
[0.259s] Level 1:colcon.colcon_core.package_identification:_identify(.) by extension 'python_setup_py'
[0.259s] Level 1:colcon.colcon_core.package_identification:_identify(build) by extensions ['ignore', 'ignore_ament_install']
[0.260s] Level 1:colcon.colcon_core.package_identification:_identify(build) by extension 'ignore'
[0.260s] Level 1:colcon.colcon_core.package_identification:_identify(build) ignored
[0.260s] Level 1:colcon.colcon_core.package_identification:_identify(install) by extensions ['ignore', 'ignore_ament_install']
[0.260s] Level 1:colcon.colcon_core.package_identification:_identify(install) by extension 'ignore'
[0.260s] Level 1:colcon.colcon_core.package_identification:_identify(install) ignored
[0.260s] Level 1:colcon.colcon_core.package_identification:_identify(log) by extensions ['ignore', 'ignore_ament_install']
[0.260s] Level 1:colcon.colcon_core.package_identification:_identify(log) by extension 'ignore'
[0.260s] Level 1:colcon.colcon_core.package_identification:_identify(log) ignored
[0.260s] Level 1:colcon.colcon_core.package_identification:_identify(src) by extensions ['ignore', 'ignore_ament_install']
[0.260s] Level 1:colcon.colcon_core.package_identification:_identify(src) by extension 'ignore'
[0.260s] Level 1:colcon.colcon_core.package_identification:_identify(src) by extension 'ignore_ament_install'
[0.260s] Level 1:colcon.colcon_core.package_identification:_identify(src) by extensions ['colcon_pkg']
[0.260s] Level 1:colcon.colcon_core.package_identification:_identify(src) by extension 'colcon_pkg'
[0.260s] Level 1:colcon.colcon_core.package_identification:_identify(src) by extensions ['colcon_meta']
[0.260s] Level 1:colcon.colcon_core.package_identification:_identify(src) by extension 'colcon_meta'
[0.260s] Level 1:colcon.colcon_core.package_identification:_identify(src) by extensions ['ros']
[0.260s] Level 1:colcon.colcon_core.package_identification:_identify(src) by extension 'ros'
[0.260s] Level 1:colcon.colcon_core.package_identification:_identify(src) by extensions ['cmake', 'python']
[0.260s] Level 1:colcon.colcon_core.package_identification:_identify(src) by extension 'cmake'
[0.260s] Level 1:colcon.colcon_core.package_identification:_identify(src) by extension 'python'
[0.261s] Level 1:colcon.colcon_core.package_identification:_identify(src) by extensions ['python_setup_py']
[0.261s] Level 1:colcon.colcon_core.package_identification:_identify(src) by extension 'python_setup_py'
[0.261s] Level 1:colcon.colcon_core.package_identification:_identify(src/fg_node) by extensions ['ignore', 'ignore_ament_install']
[0.261s] Level 1:colcon.colcon_core.package_identification:_identify(src/fg_node) by extension 'ignore'
[0.261s] Level 1:colcon.colcon_core.package_identification:_identify(src/fg_node) by extension 'ignore_ament_install'
[0.261s] Level 1:colcon.colcon_core.package_identification:_identify(src/fg_node) by extensions ['colcon_pkg']
[0.261s] Level 1:colcon.colcon_core.package_identification:_identify(src/fg_node) by extension 'colcon_pkg'
[0.261s] Level 1:colcon.colcon_core.package_identification:_identify(src/fg_node) by extensions ['colcon_meta']
[0.261s] Level 1:colcon.colcon_core.package_identification:_identify(src/fg_node) by extension 'colcon_meta'
[0.261s] Level 1:colcon.colcon_core.package_identification:_identify(src/fg_node) by extensions ['ros']
[0.261s] Level 1:colcon.colcon_core.package_identification:_identify(src/fg_node) by extension 'ros'
[0.263s] DEBUG:colcon.colcon_core.package_identification:Package 'src/fg_node' with type 'ros.ament_cmake' and name 'fg_bridge'
[0.263s] Level 1:colcon.colcon_core.package_discovery:discover_packages(recursive) using defaults
[0.263s] Level 1:colcon.colcon_core.package_discovery:discover_packages(ignore) discover
[0.263s] Level 1:colcon.colcon_core.package_discovery:discover_packages(ignore) using defaults
[0.263s] Level 1:colcon.colcon_core.package_discovery:discover_packages(path) discover
[0.263s] Level 1:colcon.colcon_core.package_discovery:discover_packages(path) using defaults
[0.297s] Level 1:colcon.colcon_core.package_discovery:discover_packages(prefix_path) check parameters
[0.297s] Level 1:colcon.colcon_core.package_discovery:discover_packages(prefix_path) discover
[0.298s] DEBUG:colcon.colcon_installed_package_information.package_discovery:Found 1 installed packages in /home/diego/Ros2_fg_prj/install
[0.299s] DEBUG:colcon.colcon_installed_package_information.package_discovery:Found 3 installed packages in /home/diego/uros_ws/install
[0.299s] DEBUG:colcon.colcon_installed_package_information.package_discovery:Found 1 installed packages in /home/diego/Ros2_esp32/install
[0.301s] DEBUG:colcon.colcon_installed_package_information.package_discovery:Found 386 installed packages in /opt/ros/humble
[0.302s] Level 1:colcon.colcon_core.package_discovery:discover_packages(prefix_path) using defaults
[0.346s] Level 5:colcon.colcon_core.verb:set package 'fg_bridge' build argument 'cmake_args' from command line to 'None'
[0.346s] Level 5:colcon.colcon_core.verb:set package 'fg_bridge' build argument 'cmake_target' from command line to 'None'
[0.346s] Level 5:colcon.colcon_core.verb:set package 'fg_bridge' build argument 'cmake_target_skip_unavailable' from command line to 'False'
[0.346s] Level 5:colcon.colcon_core.verb:set package 'fg_bridge' build argument 'cmake_clean_cache' from command line to 'False'
[0.346s] Level 5:colcon.colcon_core.verb:set package 'fg_bridge' build argument 'cmake_clean_first' from command line to 'False'
[0.346s] Level 5:colcon.colcon_core.verb:set package 'fg_bridge' build argument 'cmake_force_configure' from command line to 'False'
[0.346s] Level 5:colcon.colcon_core.verb:set package 'fg_bridge' build argument 'ament_cmake_args' from command line to 'None'
[0.346s] Level 5:colcon.colcon_core.verb:set package 'fg_bridge' build argument 'catkin_cmake_args' from command line to 'None'
[0.347s] Level 5:colcon.colcon_core.verb:set package 'fg_bridge' build argument 'catkin_skip_building_tests' from command line to 'False'
[0.347s] DEBUG:colcon.colcon_core.verb:Building package 'fg_bridge' with the following arguments: {'ament_cmake_args': None, 'build_base': '/home/diego/Ros2_fg_prj/build/fg_bridge', 'catkin_cmake_args': None, 'catkin_skip_building_tests': False, 'cmake_args': None, 'cmake_clean_cache': False, 'cmake_clean_first': False, 'cmake_force_configure': False, 'cmake_target': None, 'cmake_target_skip_unavailable': False, 'install_base': '/home/diego/Ros2_fg_prj/install/fg_bridge', 'merge_install': False, 'path': '/home/diego/Ros2_fg_prj/src/fg_node', 'symlink_install': False, 'test_result_base': None}
[0.347s] INFO:colcon.colcon_core.executor:Executing jobs using 'parallel' executor
[0.348s] DEBUG:colcon.colcon_parallel_executor.executor.parallel:run_until_complete
[0.348s] INFO:colcon.colcon_ros.task.ament_cmake.build:Building ROS package in '/home/diego/Ros2_fg_prj/src/fg_node' with build type 'ament_cmake'
[0.348s] INFO:colcon.colcon_cmake.task.cmake.build:Building CMake package in '/home/diego/Ros2_fg_prj/src/fg_node'
[0.349s] INFO:colcon.colcon_core.plugin_system:Skipping extension 'colcon_core.shell.bat': Not used on non-Windows systems
[0.350s] INFO:colcon.colcon_core.shell:Skip shell extension 'powershell' for command environment: Not usable outside of PowerShell
[0.350s] DEBUG:colcon.colcon_core.shell:Skip shell extension 'dsv' for command environment
[0.359s] DEBUG:colcon.colcon_core.event_handler.log_command:Invoking command in '/home/diego/Ros2_fg_prj/build/fg_bridge': CMAKE_PREFIX_PATH=${CMAKE_PREFIX_PATH}:/opt/ros/humble /usr/bin/cmake /home/diego/Ros2_fg_prj/src/fg_node -DCMAKE_INSTALL_PREFIX=/home/diego/Ros2_fg_prj/install/fg_bridge
[1.583s] DEBUG:colcon.colcon_core.event_handler.log_command:Invoked command in '/home/diego/Ros2_fg_prj/build/fg_bridge' returned '0': CMAKE_PREFIX_PATH=${CMAKE_PREFIX_PATH}:/opt/ros/humble /usr/bin/cmake /home/diego/Ros2_fg_prj/src/fg_node -DCMAKE_INSTALL_PREFIX=/home/diego/Ros2_fg_prj/install/fg_bridge
[1.585s] DEBUG:colcon.colcon_core.event_handler.log_command:Invoking command in '/home/diego/Ros2_fg_prj/build/fg_bridge': CMAKE_PREFIX_PATH=${CMAKE_PREFIX_PATH}:/opt/ros/humble /usr/bin/cmake --build /home/diego/Ros2_fg_prj/build/fg_bridge -- -j12 -l12
[9.797s] DEBUG:colcon.colcon_core.event_handler.log_command:Invoked command in '/home/diego/Ros2_fg_prj/build/fg_bridge' returned '0': CMAKE_PREFIX_PATH=${CMAKE_PREFIX_PATH}:/opt/ros/humble /usr/bin/cmake --build /home/diego/Ros2_fg_prj/build/fg_bridge -- -j12 -l12
[9.808s] DEBUG:colcon.colcon_core.event_handler.log_command:Invoking command in '/home/diego/Ros2_fg_prj/build/fg_bridge': CMAKE_PREFIX_PATH=${CMAKE_PREFIX_PATH}:/opt/ros/humble /usr/bin/cmake --install /home/diego/Ros2_fg_prj/build/fg_bridge
[9.829s] Level 1:colcon.colcon_core.environment:create_environment_scripts_only(fg_bridge)
[9.829s] DEBUG:colcon.colcon_core.event_handler.log_command:Invoked command in '/home/diego/Ros2_fg_prj/build/fg_bridge' returned '0': CMAKE_PREFIX_PATH=${CMAKE_PREFIX_PATH}:/opt/ros/humble /usr/bin/cmake --install /home/diego/Ros2_fg_prj/build/fg_bridge
[9.831s] Level 1:colcon.colcon_core.environment:checking '/home/diego/Ros2_fg_prj/install/fg_bridge' for CMake module files
[9.831s] Level 1:colcon.colcon_core.environment:checking '/home/diego/Ros2_fg_prj/install/fg_bridge' for CMake config files
[9.832s] Level 1:colcon.colcon_core.shell:create_environment_hook('fg_bridge', 'cmake_prefix_path')
[9.832s] INFO:colcon.colcon_core.shell:Creating environment hook '/home/diego/Ros2_fg_prj/install/fg_bridge/share/fg_bridge/hook/cmake_prefix_path.ps1'
[9.832s] INFO:colcon.colcon_core.shell:Creating environment descriptor '/home/diego/Ros2_fg_prj/install/fg_bridge/share/fg_bridge/hook/cmake_prefix_path.dsv'
[9.833s] INFO:colcon.colcon_core.shell:Creating environment hook '/home/diego/Ros2_fg_prj/install/fg_bridge/share/fg_bridge/hook/cmake_prefix_path.sh'
[9.833s] Level 1:colcon.colcon_core.environment:checking '/home/diego/Ros2_fg_prj/install/fg_bridge/lib'
[9.834s] Level 1:colcon.colcon_core.environment:checking '/home/diego/Ros2_fg_prj/install/fg_bridge/bin'
[9.834s] Level 1:colcon.colcon_core.environment:checking '/home/diego/Ros2_fg_prj/install/fg_bridge/lib/pkgconfig/fg_bridge.pc'
[9.834s] Level 1:colcon.colcon_core.environment:checking '/home/diego/Ros2_fg_prj/install/fg_bridge/lib/python3.10/site-packages'
[9.834s] Level 1:colcon.colcon_core.environment:checking '/home/diego/Ros2_fg_prj/install/fg_bridge/bin'
[9.834s] INFO:colcon.colcon_core.shell:Creating package script '/home/diego/Ros2_fg_prj/install/fg_bridge/share/fg_bridge/package.ps1'
[9.835s] INFO:colcon.colcon_core.shell:Creating package descriptor '/home/diego/Ros2_fg_prj/install/fg_bridge/share/fg_bridge/package.dsv'
[9.836s] INFO:colcon.colcon_core.shell:Creating package script '/home/diego/Ros2_fg_prj/install/fg_bridge/share/fg_bridge/package.sh'
[9.836s] INFO:colcon.colcon_core.shell:Creating package script '/home/diego/Ros2_fg_prj/install/fg_bridge/share/fg_bridge/package.bash'
[9.837s] INFO:colcon.colcon_core.shell:Creating package script '/home/diego/Ros2_fg_prj/install/fg_bridge/share/fg_bridge/package.zsh'
[9.838s] Level 1:colcon.colcon_core.environment:create_file_with_runtime_dependencies(/home/diego/Ros2_fg_prj/install/fg_bridge/share/colcon-core/packages/fg_bridge)
[9.838s] Level 1:colcon.colcon_core.environment:create_environment_scripts_only(fg_bridge)
[9.838s] Level 1:colcon.colcon_core.environment:checking '/home/diego/Ros2_fg_prj/install/fg_bridge' for CMake module files
[9.839s] Level 1:colcon.colcon_core.environment:checking '/home/diego/Ros2_fg_prj/install/fg_bridge' for CMake config files
[9.839s] Level 1:colcon.colcon_core.shell:create_environment_hook('fg_bridge', 'cmake_prefix_path')
[9.839s] INFO:colcon.colcon_core.shell:Creating environment hook '/home/diego/Ros2_fg_prj/install/fg_bridge/share/fg_bridge/hook/cmake_prefix_path.ps1'
[9.839s] INFO:colcon.colcon_core.shell:Creating environment descriptor '/home/diego/Ros2_fg_prj/install/fg_bridge/share/fg_bridge/hook/cmake_prefix_path.dsv'
[9.840s] INFO:colcon.colcon_core.shell:Creating environment hook '/home/diego/Ros2_fg_prj/install/fg_bridge/share/fg_bridge/hook/cmake_prefix_path.sh'
[9.840s] Level 1:colcon.colcon_core.environment:checking '/home/diego/Ros2_fg_prj/install/fg_bridge/lib'
[9.840s] Level 1:colcon.colcon_core.environment:checking '/home/diego/Ros2_fg_prj/install/fg_bridge/bin'
[9.840s] Level 1:colcon.colcon_core.environment:checking '/home/diego/Ros2_fg_prj/install/fg_bridge/lib/pkgconfig/fg_bridge.pc'
[9.840s] Level 1:colcon.colcon_core.environment:checking '/home/diego/Ros2_fg_prj/install/fg_bridge/lib/python3.10/site-packages'
[9.841s] Level 1:colcon.colcon_core.environment:checking '/home/diego/Ros2_fg_prj/install/fg_bridge/bin'
[9.841s] INFO:colcon.colcon_core.shell:Creating package script '/home/diego/Ros2_fg_prj/install/fg_bridge/share/fg_bridge/package.ps1'
[9.841s] INFO:colcon.colcon_core.shell:Creating package descriptor '/home/diego/Ros2_fg_prj/install/fg_bridge/share/fg_bridge/package.dsv'
[9.842s] INFO:colcon.colcon_core.shell:Creating package script '/home/diego/Ros2_fg_prj/install/fg_bridge/share/fg_bridge/package.sh'
[9.842s] INFO:colcon.colcon_core.shell:Creating package script '/home/diego/Ros2_fg_prj/install/fg_bridge/share/fg_bridge/package.bash'
[9.843s] INFO:colcon.colcon_core.shell:Creating package script '/home/diego/Ros2_fg_prj/install/fg_bridge/share/fg_bridge/package.zsh'
[9.843s] Level 1:colcon.colcon_core.environment:create_file_with_runtime_dependencies(/home/diego/Ros2_fg_prj/install/fg_bridge/share/colcon-core/packages/fg_bridge)
[9.843s] DEBUG:colcon.colcon_parallel_executor.executor.parallel:closing loop
[9.843s] DEBUG:colcon.colcon_parallel_executor.executor.parallel:loop closed
[9.843s] DEBUG:colcon.colcon_parallel_executor.executor.parallel:run_until_complete finished with '0'
[9.844s] DEBUG:colcon.colcon_core.event_reactor:joining thread
[9.848s] INFO:colcon.colcon_core.plugin_system:Skipping extension 'colcon_notification.desktop_notification.terminal_notifier': Not used on non-Darwin systems
[9.848s] INFO:colcon.colcon_core.plugin_system:Skipping extension 'colcon_notification.desktop_notification.win32': Not used on non-Windows systems
[9.848s] INFO:colcon.colcon_notification.desktop_notification:Sending desktop notification using 'notify2'
[9.859s] DEBUG:colcon.colcon_core.event_reactor:joined thread
[9.860s] INFO:colcon.colcon_core.shell:Creating prefix script '/home/diego/Ros2_fg_prj/install/local_setup.ps1'
[9.861s] INFO:colcon.colcon_core.shell:Creating prefix util module '/home/diego/Ros2_fg_prj/install/_local_setup_util_ps1.py'
[9.862s] INFO:colcon.colcon_core.shell:Creating prefix chain script '/home/diego/Ros2_fg_prj/install/setup.ps1'
[9.863s] INFO:colcon.colcon_core.shell:Creating prefix script '/home/diego/Ros2_fg_prj/install/local_setup.sh'
[9.864s] INFO:colcon.colcon_core.shell:Creating prefix util module '/home/diego/Ros2_fg_prj/install/_local_setup_util_sh.py'
[9.864s] INFO:colcon.colcon_core.shell:Creating prefix chain script '/home/diego/Ros2_fg_prj/install/setup.sh'
[9.865s] INFO:colcon.colcon_core.shell:Creating prefix script '/home/diego/Ros2_fg_prj/install/local_setup.bash'
[9.865s] INFO:colcon.colcon_core.shell:Creating prefix chain script '/home/diego/Ros2_fg_prj/install/setup.bash'
[9.866s] INFO:colcon.colcon_core.shell:Creating prefix script '/home/diego/Ros2_fg_prj/install/local_setup.zsh'
[9.867s] INFO:colcon.colcon_core.shell:Creating prefix chain script '/home/diego/Ros2_fg_prj/install/setup.zsh'
