[0.089s] DEBUG:colcon:Command line arguments: ['/usr/bin/colcon', 'build']
[0.089s] DEBUG:colcon:Parsed command line arguments: Namespace(log_base=None, log_level=None, verb_name='build', build_base='build', install_base='install', merge_install=False, symlink_install=False, test_result_base=None, continue_on_error=False, executor='parallel', parallel_workers=12, event_handlers=None, ignore_user_meta=False, metas=['./colcon.meta'], base_paths=['.'], packages_ignore=None, packages_ignore_regex=None, paths=None, packages_up_to=None, packages_up_to_regex=None, packages_above=None, packages_above_and_dependencies=None, packages_above_depth=None, packages_select_by_dep=None, packages_skip_by_dep=None, packages_skip_up_to=None, packages_select_build_failed=False, packages_skip_build_finished=False, packages_select_test_failures=False, packages_skip_test_passed=False, packages_select=None, packages_skip=None, packages_select_regex=None, packages_skip_regex=None, packages_start=None, packages_end=None, allow_overriding=[], cmake_args=None, cmake_target=None, cmake_target_skip_unavailable=False, cmake_clean_cache=False, cmake_clean_first=False, cmake_force_configure=False, ament_cmake_args=None, catkin_cmake_args=None, catkin_skip_building_tests=False, verb_parser=<colcon_defaults.argument_parser.defaults.DefaultArgumentsDecorator object at 0x71f9cf674640>, verb_extension=<colcon_core.verb.build.BuildVerb object at 0x71f9cf779de0>, main=<bound method BuildVerb.main of <colcon_core.verb.build.BuildVerb object at 0x71f9cf779de0>>)
[0.233s] Level 1:colcon.colcon_core.package_discovery:discover_packages(colcon_meta) check parameters
[0.233s] Level 1:colcon.colcon_core.package_discovery:discover_packages(recursive) check parameters
[0.233s] Level 1:colcon.colcon_core.package_discovery:discover_packages(ignore) check parameters
[0.233s] Level 1:colcon.colcon_core.package_discovery:discover_packages(path) check parameters
[0.233s] Level 1:colcon.colcon_core.package_discovery:discover_packages(colcon_meta) discover
[0.234s] Level 1:colcon.colcon_core.package_discovery:discover_packages(recursive) discover
[0.234s] INFO:colcon.colcon_core.package_discovery:Crawling recursively for packages in '/home/diego/Ros2_fg_prj'
[0.234s] Level 1:colcon.colcon_core.package_identification:_identify(.) by extensions ['ignore', 'ignore_ament_install']
[0.234s] Level 1:colcon.colcon_core.package_identification:_identify(.) by extension 'ignore'
[0.234s] Level 1:colcon.colcon_core.package_identification:_identify(.) by extension 'ignore_ament_install'
[0.234s] Level 1:colcon.colcon_core.package_identification:_identify(.) by extensions ['colcon_pkg']
[0.234s] Level 1:colcon.colcon_core.package_identification:_identify(.) by extension 'colcon_pkg'
[0.234s] Level 1:colcon.colcon_core.package_identification:_identify(.) by extensions ['colcon_meta']
[0.234s] Level 1:colcon.colcon_core.package_identification:_identify(.) by extension 'colcon_meta'
[0.234s] Level 1:colcon.colcon_core.package_identification:_identify(.) by extensions ['ros']
[0.234s] Level 1:colcon.colcon_core.package_identification:_identify(.) by extension 'ros'
[0.243s] Level 1:colcon.colcon_core.package_identification:_identify(.) by extensions ['cmake', 'python']
[0.244s] Level 1:colcon.colcon_core.package_identification:_identify(.) by extension 'cmake'
[0.244s] Level 1:colcon.colcon_core.package_identification:_identify(.) by extension 'python'
[0.244s] Level 1:colcon.colcon_core.package_identification:_identify(.) by extensions ['python_setup_py']
[0.244s] Level 1:colcon.colcon_core.package_identification:_identify(.) by extension 'python_setup_py'
[0.244s] Level 1:colcon.colcon_core.package_identification:_identify(build) by extensions ['ignore', 'ignore_ament_install']
[0.244s] Level 1:colcon.colcon_core.package_identification:_identify(build) by extension 'ignore'
[0.244s] Level 1:colcon.colcon_core.package_identification:_identify(build) ignored
[0.244s] Level 1:colcon.colcon_core.package_identification:_identify(fg_bridge) by extensions ['ignore', 'ignore_ament_install']
[0.244s] Level 1:colcon.colcon_core.package_identification:_identify(fg_bridge) by extension 'ignore'
[0.244s] Level 1:colcon.colcon_core.package_identification:_identify(fg_bridge) by extension 'ignore_ament_install'
[0.244s] Level 1:colcon.colcon_core.package_identification:_identify(fg_bridge) by extensions ['colcon_pkg']
[0.244s] Level 1:colcon.colcon_core.package_identification:_identify(fg_bridge) by extension 'colcon_pkg'
[0.244s] Level 1:colcon.colcon_core.package_identification:_identify(fg_bridge) by extensions ['colcon_meta']
[0.244s] Level 1:colcon.colcon_core.package_identification:_identify(fg_bridge) by extension 'colcon_meta'
[0.244s] Level 1:colcon.colcon_core.package_identification:_identify(fg_bridge) by extensions ['ros']
[0.244s] Level 1:colcon.colcon_core.package_identification:_identify(fg_bridge) by extension 'ros'
[0.258s] DEBUG:colcon.colcon_core.package_identification:Package 'fg_bridge' with type 'ros.ament_cmake' and name 'fg_bridge'
[0.259s] Level 1:colcon.colcon_core.package_identification:_identify(install) by extensions ['ignore', 'ignore_ament_install']
[0.259s] Level 1:colcon.colcon_core.package_identification:_identify(install) by extension 'ignore'
[0.259s] Level 1:colcon.colcon_core.package_identification:_identify(install) ignored
[0.259s] Level 1:colcon.colcon_core.package_identification:_identify(log) by extensions ['ignore', 'ignore_ament_install']
[0.259s] Level 1:colcon.colcon_core.package_identification:_identify(log) by extension 'ignore'
[0.259s] Level 1:colcon.colcon_core.package_identification:_identify(log) ignored
[0.259s] Level 1:colcon.colcon_core.package_identification:_identify(src) by extensions ['ignore', 'ignore_ament_install']
[0.259s] Level 1:colcon.colcon_core.package_identification:_identify(src) by extension 'ignore'
[0.259s] Level 1:colcon.colcon_core.package_identification:_identify(src) by extension 'ignore_ament_install'
[0.259s] Level 1:colcon.colcon_core.package_identification:_identify(src) by extensions ['colcon_pkg']
[0.259s] Level 1:colcon.colcon_core.package_identification:_identify(src) by extension 'colcon_pkg'
[0.259s] Level 1:colcon.colcon_core.package_identification:_identify(src) by extensions ['colcon_meta']
[0.259s] Level 1:colcon.colcon_core.package_identification:_identify(src) by extension 'colcon_meta'
[0.259s] Level 1:colcon.colcon_core.package_identification:_identify(src) by extensions ['ros']
[0.259s] Level 1:colcon.colcon_core.package_identification:_identify(src) by extension 'ros'
[0.259s] Level 1:colcon.colcon_core.package_identification:_identify(src) by extensions ['cmake', 'python']
[0.259s] Level 1:colcon.colcon_core.package_identification:_identify(src) by extension 'cmake'
[0.259s] Level 1:colcon.colcon_core.package_identification:_identify(src) by extension 'python'
[0.259s] Level 1:colcon.colcon_core.package_identification:_identify(src) by extensions ['python_setup_py']
[0.259s] Level 1:colcon.colcon_core.package_identification:_identify(src) by extension 'python_setup_py'
[0.259s] Level 1:colcon.colcon_core.package_discovery:discover_packages(recursive) using defaults
[0.259s] Level 1:colcon.colcon_core.package_discovery:discover_packages(ignore) discover
[0.259s] Level 1:colcon.colcon_core.package_discovery:discover_packages(ignore) using defaults
[0.259s] Level 1:colcon.colcon_core.package_discovery:discover_packages(path) discover
[0.259s] Level 1:colcon.colcon_core.package_discovery:discover_packages(path) using defaults
[0.288s] Level 1:colcon.colcon_core.package_discovery:discover_packages(prefix_path) check parameters
[0.288s] Level 1:colcon.colcon_core.package_discovery:discover_packages(prefix_path) discover
[0.289s] DEBUG:colcon.colcon_installed_package_information.package_discovery:Found 3 installed packages in /home/diego/microros_ws/install
[0.291s] DEBUG:colcon.colcon_installed_package_information.package_discovery:Found 386 installed packages in /opt/ros/humble
[0.292s] Level 1:colcon.colcon_core.package_discovery:discover_packages(prefix_path) using defaults
[0.335s] Level 5:colcon.colcon_core.verb:set package 'fg_bridge' build argument 'cmake_args' from command line to 'None'
[0.335s] Level 5:colcon.colcon_core.verb:set package 'fg_bridge' build argument 'cmake_target' from command line to 'None'
[0.335s] Level 5:colcon.colcon_core.verb:set package 'fg_bridge' build argument 'cmake_target_skip_unavailable' from command line to 'False'
[0.335s] Level 5:colcon.colcon_core.verb:set package 'fg_bridge' build argument 'cmake_clean_cache' from command line to 'False'
[0.335s] Level 5:colcon.colcon_core.verb:set package 'fg_bridge' build argument 'cmake_clean_first' from command line to 'False'
[0.335s] Level 5:colcon.colcon_core.verb:set package 'fg_bridge' build argument 'cmake_force_configure' from command line to 'False'
[0.335s] Level 5:colcon.colcon_core.verb:set package 'fg_bridge' build argument 'ament_cmake_args' from command line to 'None'
[0.335s] Level 5:colcon.colcon_core.verb:set package 'fg_bridge' build argument 'catkin_cmake_args' from command line to 'None'
[0.335s] Level 5:colcon.colcon_core.verb:set package 'fg_bridge' build argument 'catkin_skip_building_tests' from command line to 'False'
[0.335s] DEBUG:colcon.colcon_core.verb:Building package 'fg_bridge' with the following arguments: {'ament_cmake_args': None, 'build_base': '/home/diego/Ros2_fg_prj/build/fg_bridge', 'catkin_cmake_args': None, 'catkin_skip_building_tests': False, 'cmake_args': None, 'cmake_clean_cache': False, 'cmake_clean_first': False, 'cmake_force_configure': False, 'cmake_target': None, 'cmake_target_skip_unavailable': False, 'install_base': '/home/diego/Ros2_fg_prj/install/fg_bridge', 'merge_install': False, 'path': '/home/diego/Ros2_fg_prj/fg_bridge', 'symlink_install': False, 'test_result_base': None}
[0.335s] INFO:colcon.colcon_core.executor:Executing jobs using 'parallel' executor
[0.336s] DEBUG:colcon.colcon_parallel_executor.executor.parallel:run_until_complete
[0.337s] INFO:colcon.colcon_ros.task.ament_cmake.build:Building ROS package in '/home/diego/Ros2_fg_prj/fg_bridge' with build type 'ament_cmake'
[0.337s] INFO:colcon.colcon_cmake.task.cmake.build:Building CMake package in '/home/diego/Ros2_fg_prj/fg_bridge'
[0.338s] INFO:colcon.colcon_core.plugin_system:Skipping extension 'colcon_core.shell.bat': Not used on non-Windows systems
[0.338s] INFO:colcon.colcon_core.shell:Skip shell extension 'powershell' for command environment: Not usable outside of PowerShell
[0.338s] DEBUG:colcon.colcon_core.shell:Skip shell extension 'dsv' for command environment
[0.345s] DEBUG:colcon.colcon_core.event_handler.log_command:Invoking command in '/home/diego/Ros2_fg_prj/build/fg_bridge': CMAKE_PREFIX_PATH=${CMAKE_PREFIX_PATH}:/opt/ros/humble /usr/bin/cmake /home/diego/Ros2_fg_prj/fg_bridge -DCMAKE_INSTALL_PREFIX=/home/diego/Ros2_fg_prj/install/fg_bridge
[1.661s] DEBUG:colcon.colcon_core.event_handler.log_command:Invoked command in '/home/diego/Ros2_fg_prj/build/fg_bridge' returned '0': CMAKE_PREFIX_PATH=${CMAKE_PREFIX_PATH}:/opt/ros/humble /usr/bin/cmake /home/diego/Ros2_fg_prj/fg_bridge -DCMAKE_INSTALL_PREFIX=/home/diego/Ros2_fg_prj/install/fg_bridge
[1.663s] DEBUG:colcon.colcon_core.event_handler.log_command:Invoking command in '/home/diego/Ros2_fg_prj/build/fg_bridge': CMAKE_PREFIX_PATH=${CMAKE_PREFIX_PATH}:/opt/ros/humble /usr/bin/cmake --build /home/diego/Ros2_fg_prj/build/fg_bridge -- -j12 -l12
[5.686s] DEBUG:colcon.colcon_core.event_handler.log_command:Invoked command in '/home/diego/Ros2_fg_prj/build/fg_bridge' returned '0': CMAKE_PREFIX_PATH=${CMAKE_PREFIX_PATH}:/opt/ros/humble /usr/bin/cmake --build /home/diego/Ros2_fg_prj/build/fg_bridge -- -j12 -l12
[5.696s] DEBUG:colcon.colcon_core.event_handler.log_command:Invoking command in '/home/diego/Ros2_fg_prj/build/fg_bridge': CMAKE_PREFIX_PATH=${CMAKE_PREFIX_PATH}:/opt/ros/humble /usr/bin/cmake --install /home/diego/Ros2_fg_prj/build/fg_bridge
[5.709s] Level 1:colcon.colcon_core.environment:create_environment_scripts_only(fg_bridge)
[5.710s] DEBUG:colcon.colcon_core.event_handler.log_command:Invoked command in '/home/diego/Ros2_fg_prj/build/fg_bridge' returned '0': CMAKE_PREFIX_PATH=${CMAKE_PREFIX_PATH}:/opt/ros/humble /usr/bin/cmake --install /home/diego/Ros2_fg_prj/build/fg_bridge
[5.714s] Level 1:colcon.colcon_core.environment:checking '/home/diego/Ros2_fg_prj/install/fg_bridge' for CMake module files
[5.714s] Level 1:colcon.colcon_core.environment:checking '/home/diego/Ros2_fg_prj/install/fg_bridge' for CMake config files
[5.714s] Level 1:colcon.colcon_core.shell:create_environment_hook('fg_bridge', 'cmake_prefix_path')
[5.715s] INFO:colcon.colcon_core.shell:Creating environment hook '/home/diego/Ros2_fg_prj/install/fg_bridge/share/fg_bridge/hook/cmake_prefix_path.ps1'
[5.715s] INFO:colcon.colcon_core.shell:Creating environment descriptor '/home/diego/Ros2_fg_prj/install/fg_bridge/share/fg_bridge/hook/cmake_prefix_path.dsv'
[5.716s] INFO:colcon.colcon_core.shell:Creating environment hook '/home/diego/Ros2_fg_prj/install/fg_bridge/share/fg_bridge/hook/cmake_prefix_path.sh'
[5.716s] Level 1:colcon.colcon_core.environment:checking '/home/diego/Ros2_fg_prj/install/fg_bridge/lib'
[5.716s] Level 1:colcon.colcon_core.environment:checking '/home/diego/Ros2_fg_prj/install/fg_bridge/bin'
[5.717s] Level 1:colcon.colcon_core.environment:checking '/home/diego/Ros2_fg_prj/install/fg_bridge/lib/pkgconfig/fg_bridge.pc'
[5.717s] Level 1:colcon.colcon_core.environment:checking '/home/diego/Ros2_fg_prj/install/fg_bridge/lib/python3.10/site-packages'
[5.717s] Level 1:colcon.colcon_core.environment:checking '/home/diego/Ros2_fg_prj/install/fg_bridge/bin'
[5.717s] INFO:colcon.colcon_core.shell:Creating package script '/home/diego/Ros2_fg_prj/install/fg_bridge/share/fg_bridge/package.ps1'
[5.718s] INFO:colcon.colcon_core.shell:Creating package descriptor '/home/diego/Ros2_fg_prj/install/fg_bridge/share/fg_bridge/package.dsv'
[5.719s] INFO:colcon.colcon_core.shell:Creating package script '/home/diego/Ros2_fg_prj/install/fg_bridge/share/fg_bridge/package.sh'
[5.719s] INFO:colcon.colcon_core.shell:Creating package script '/home/diego/Ros2_fg_prj/install/fg_bridge/share/fg_bridge/package.bash'
[5.720s] INFO:colcon.colcon_core.shell:Creating package script '/home/diego/Ros2_fg_prj/install/fg_bridge/share/fg_bridge/package.zsh'
[5.721s] Level 1:colcon.colcon_core.environment:create_file_with_runtime_dependencies(/home/diego/Ros2_fg_prj/install/fg_bridge/share/colcon-core/packages/fg_bridge)
[5.721s] Level 1:colcon.colcon_core.environment:create_environment_scripts_only(fg_bridge)
[5.721s] Level 1:colcon.colcon_core.environment:checking '/home/diego/Ros2_fg_prj/install/fg_bridge' for CMake module files
[5.722s] Level 1:colcon.colcon_core.environment:checking '/home/diego/Ros2_fg_prj/install/fg_bridge' for CMake config files
[5.722s] Level 1:colcon.colcon_core.shell:create_environment_hook('fg_bridge', 'cmake_prefix_path')
[5.722s] INFO:colcon.colcon_core.shell:Creating environment hook '/home/diego/Ros2_fg_prj/install/fg_bridge/share/fg_bridge/hook/cmake_prefix_path.ps1'
[5.722s] INFO:colcon.colcon_core.shell:Creating environment descriptor '/home/diego/Ros2_fg_prj/install/fg_bridge/share/fg_bridge/hook/cmake_prefix_path.dsv'
[5.723s] INFO:colcon.colcon_core.shell:Creating environment hook '/home/diego/Ros2_fg_prj/install/fg_bridge/share/fg_bridge/hook/cmake_prefix_path.sh'
[5.723s] Level 1:colcon.colcon_core.environment:checking '/home/diego/Ros2_fg_prj/install/fg_bridge/lib'
[5.723s] Level 1:colcon.colcon_core.environment:checking '/home/diego/Ros2_fg_prj/install/fg_bridge/bin'
[5.723s] Level 1:colcon.colcon_core.environment:checking '/home/diego/Ros2_fg_prj/install/fg_bridge/lib/pkgconfig/fg_bridge.pc'
[5.723s] Level 1:colcon.colcon_core.environment:checking '/home/diego/Ros2_fg_prj/install/fg_bridge/lib/python3.10/site-packages'
[5.724s] Level 1:colcon.colcon_core.environment:checking '/home/diego/Ros2_fg_prj/install/fg_bridge/bin'
[5.724s] INFO:colcon.colcon_core.shell:Creating package script '/home/diego/Ros2_fg_prj/install/fg_bridge/share/fg_bridge/package.ps1'
[5.724s] INFO:colcon.colcon_core.shell:Creating package descriptor '/home/diego/Ros2_fg_prj/install/fg_bridge/share/fg_bridge/package.dsv'
[5.725s] INFO:colcon.colcon_core.shell:Creating package script '/home/diego/Ros2_fg_prj/install/fg_bridge/share/fg_bridge/package.sh'
[5.725s] INFO:colcon.colcon_core.shell:Creating package script '/home/diego/Ros2_fg_prj/install/fg_bridge/share/fg_bridge/package.bash'
[5.725s] INFO:colcon.colcon_core.shell:Creating package script '/home/diego/Ros2_fg_prj/install/fg_bridge/share/fg_bridge/package.zsh'
[5.726s] Level 1:colcon.colcon_core.environment:create_file_with_runtime_dependencies(/home/diego/Ros2_fg_prj/install/fg_bridge/share/colcon-core/packages/fg_bridge)
[5.726s] DEBUG:colcon.colcon_parallel_executor.executor.parallel:closing loop
[5.726s] DEBUG:colcon.colcon_parallel_executor.executor.parallel:loop closed
[5.726s] DEBUG:colcon.colcon_parallel_executor.executor.parallel:run_until_complete finished with '0'
[5.726s] DEBUG:colcon.colcon_core.event_reactor:joining thread
[5.731s] INFO:colcon.colcon_core.plugin_system:Skipping extension 'colcon_notification.desktop_notification.terminal_notifier': Not used on non-Darwin systems
[5.731s] INFO:colcon.colcon_core.plugin_system:Skipping extension 'colcon_notification.desktop_notification.win32': Not used on non-Windows systems
[5.731s] INFO:colcon.colcon_notification.desktop_notification:Sending desktop notification using 'notify2'
[5.741s] DEBUG:colcon.colcon_core.event_reactor:joined thread
[5.742s] INFO:colcon.colcon_core.shell:Creating prefix script '/home/diego/Ros2_fg_prj/install/local_setup.ps1'
[5.742s] INFO:colcon.colcon_core.shell:Creating prefix util module '/home/diego/Ros2_fg_prj/install/_local_setup_util_ps1.py'
[5.743s] INFO:colcon.colcon_core.shell:Creating prefix chain script '/home/diego/Ros2_fg_prj/install/setup.ps1'
[5.745s] INFO:colcon.colcon_core.shell:Creating prefix script '/home/diego/Ros2_fg_prj/install/local_setup.sh'
[5.745s] INFO:colcon.colcon_core.shell:Creating prefix util module '/home/diego/Ros2_fg_prj/install/_local_setup_util_sh.py'
[5.745s] INFO:colcon.colcon_core.shell:Creating prefix chain script '/home/diego/Ros2_fg_prj/install/setup.sh'
[5.746s] INFO:colcon.colcon_core.shell:Creating prefix script '/home/diego/Ros2_fg_prj/install/local_setup.bash'
[5.747s] INFO:colcon.colcon_core.shell:Creating prefix chain script '/home/diego/Ros2_fg_prj/install/setup.bash'
[5.748s] INFO:colcon.colcon_core.shell:Creating prefix script '/home/diego/Ros2_fg_prj/install/local_setup.zsh'
[5.748s] INFO:colcon.colcon_core.shell:Creating prefix chain script '/home/diego/Ros2_fg_prj/install/setup.zsh'
