[0.010s] Invoking command in '/home/diego/Ros2_fg_prj/build/fg_bridge': CMAKE_PREFIX_PATH=${CMAKE_PREFIX_PATH}:/opt/ros/humble /usr/bin/cmake /home/diego/Ros2_fg_prj/src/fg_node -DCMAKE_INSTALL_PREFIX=/home/diego/Ros2_fg_prj/install/fg_bridge
[0.065s] -- The C compiler identification is GNU 11.4.0
[0.120s] -- The CXX compiler identification is GNU 11.4.0
[0.128s] -- Detecting C compiler ABI info
[0.198s] -- Detecting C compiler ABI info - done
[0.205s] -- Check for working C compiler: /usr/bin/cc - skipped
[0.205s] -- Detecting C compile features
[0.205s] -- Detecting C compile features - done
[0.208s] -- Detecting CXX compiler ABI info
[0.290s] -- Detecting CXX compiler ABI info - done
[0.297s] -- Check for working CXX compiler: /usr/bin/c++ - skipped
[0.297s] -- Detecting CXX compile features
[0.297s] -- Detecting CXX compile features - done
[0.300s] -- Found ament_cmake: 1.3.14 (/opt/ros/humble/share/ament_cmake/cmake)
[0.442s] -- Found Python3: /usr/bin/python3 (found version "3.10.12") found components: Interpreter 
[0.536s] -- Found rclcpp: 16.0.19 (/opt/ros/humble/share/rclcpp/cmake)
[0.583s] -- Found rosidl_generator_c: 3.1.9 (/opt/ros/humble/share/rosidl_generator_c/cmake)
[0.589s] -- Found rosidl_adapter: 3.1.9 (/opt/ros/humble/share/rosidl_adapter/cmake)
[0.598s] -- Found rosidl_generator_cpp: 3.1.9 (/opt/ros/humble/share/rosidl_generator_cpp/cmake)
[0.610s] -- Using all available rosidl_typesupport_c: rosidl_typesupport_fastrtps_c;rosidl_typesupport_introspection_c
[0.627s] -- Using all available rosidl_typesupport_cpp: rosidl_typesupport_fastrtps_cpp;rosidl_typesupport_introspection_cpp
[0.674s] -- Found rmw_implementation_cmake: 6.1.2 (/opt/ros/humble/share/rmw_implementation_cmake/cmake)
[0.677s] -- Found rmw_fastrtps_cpp: 6.2.10 (/opt/ros/humble/share/rmw_fastrtps_cpp/cmake)
[0.776s] -- Found OpenSSL: /usr/lib/x86_64-linux-gnu/libcrypto.so (found version "3.0.2")  
[0.806s] -- Found FastRTPS: /opt/ros/humble/include  
[0.854s] -- Using RMW implementation 'rmw_fastrtps_cpp' as default
[0.864s] -- Looking for pthread.h
[0.940s] -- Looking for pthread.h - found
[0.940s] -- Performing Test CMAKE_HAVE_LIBC_PTHREAD
[1.023s] -- Performing Test CMAKE_HAVE_LIBC_PTHREAD - Success
[1.024s] -- Found Threads: TRUE  
[1.080s] -- Found sensor_msgs: 4.9.1 (/opt/ros/humble/share/sensor_msgs/cmake)
[1.109s] -- Found ament_lint_auto: 0.12.15 (/opt/ros/humble/share/ament_lint_auto/cmake)
[1.188s] -- Added test 'cppcheck' to perform static code analysis on C / C++ code
[1.188s] -- Configured cppcheck include dirs: 
[1.188s] -- Configured cppcheck exclude dirs and/or files: 
[1.188s] -- Added test 'lint_cmake' to check CMake code style
[1.189s] -- Added test 'uncrustify' to check C / C++ code style
[1.189s] -- Configured uncrustify additional arguments: 
[1.190s] -- Added test 'xmllint' to check XML markup files
[1.191s] -- Configuring done
[1.204s] -- Generating done
[1.209s] -- Build files have been written to: /home/diego/Ros2_fg_prj/build/fg_bridge
[1.219s] Invoked command in '/home/diego/Ros2_fg_prj/build/fg_bridge' returned '0': CMAKE_PREFIX_PATH=${CMAKE_PREFIX_PATH}:/opt/ros/humble /usr/bin/cmake /home/diego/Ros2_fg_prj/src/fg_node -DCMAKE_INSTALL_PREFIX=/home/diego/Ros2_fg_prj/install/fg_bridge
[1.220s] Invoking command in '/home/diego/Ros2_fg_prj/build/fg_bridge': CMAKE_PREFIX_PATH=${CMAKE_PREFIX_PATH}:/opt/ros/humble /usr/bin/cmake --build /home/diego/Ros2_fg_prj/build/fg_bridge -- -j12 -l12
[1.273s] [ 50%] [32mBuilding CXX object CMakeFiles/Ros2_main.dir/src/Ros2_main.cpp.o[0m
[1.273s] [ 50%] [32mBuilding CXX object CMakeFiles/Ros2fg_bridge.dir/src/Ros2fg_bridge.cpp.o[0m
[8.914s] [ 75%] [32m[1mLinking CXX executable Ros2fg_bridge[0m
[9.157s] [100%] [32m[1mLinking CXX executable Ros2_main[0m
[9.498s] [100%] Built target Ros2fg_bridge
[9.627s] [100%] Built target Ros2_main
[9.639s] Invoked command in '/home/diego/Ros2_fg_prj/build/fg_bridge' returned '0': CMAKE_PREFIX_PATH=${CMAKE_PREFIX_PATH}:/opt/ros/humble /usr/bin/cmake --build /home/diego/Ros2_fg_prj/build/fg_bridge -- -j12 -l12
[9.650s] Invoking command in '/home/diego/Ros2_fg_prj/build/fg_bridge': CMAKE_PREFIX_PATH=${CMAKE_PREFIX_PATH}:/opt/ros/humble /usr/bin/cmake --install /home/diego/Ros2_fg_prj/build/fg_bridge
[9.658s] -- Install configuration: ""
[9.658s] -- Installing: /home/diego/Ros2_fg_prj/install/fg_bridge/lib/fg_bridge/Ros2_main
[9.664s] -- Set runtime path of "/home/diego/Ros2_fg_prj/install/fg_bridge/lib/fg_bridge/Ros2_main" to ""
[9.664s] -- Installing: /home/diego/Ros2_fg_prj/install/fg_bridge/lib/fg_bridge/Ros2fg_bridge
[9.671s] -- Set runtime path of "/home/diego/Ros2_fg_prj/install/fg_bridge/lib/fg_bridge/Ros2fg_bridge" to ""
[9.671s] -- Installing: /home/diego/Ros2_fg_prj/install/fg_bridge/share/ament_index/resource_index/package_run_dependencies/fg_bridge
[9.671s] -- Installing: /home/diego/Ros2_fg_prj/install/fg_bridge/share/ament_index/resource_index/parent_prefix_path/fg_bridge
[9.671s] -- Up-to-date: /home/diego/Ros2_fg_prj/install/fg_bridge/share/fg_bridge/environment/ament_prefix_path.sh
[9.671s] -- Installing: /home/diego/Ros2_fg_prj/install/fg_bridge/share/fg_bridge/environment/ament_prefix_path.dsv
[9.671s] -- Up-to-date: /home/diego/Ros2_fg_prj/install/fg_bridge/share/fg_bridge/environment/path.sh
[9.672s] -- Installing: /home/diego/Ros2_fg_prj/install/fg_bridge/share/fg_bridge/environment/path.dsv
[9.672s] -- Installing: /home/diego/Ros2_fg_prj/install/fg_bridge/share/fg_bridge/local_setup.bash
[9.672s] -- Installing: /home/diego/Ros2_fg_prj/install/fg_bridge/share/fg_bridge/local_setup.sh
[9.672s] -- Installing: /home/diego/Ros2_fg_prj/install/fg_bridge/share/fg_bridge/local_setup.zsh
[9.672s] -- Installing: /home/diego/Ros2_fg_prj/install/fg_bridge/share/fg_bridge/local_setup.dsv
[9.672s] -- Installing: /home/diego/Ros2_fg_prj/install/fg_bridge/share/fg_bridge/package.dsv
[9.673s] -- Installing: /home/diego/Ros2_fg_prj/install/fg_bridge/share/ament_index/resource_index/packages/fg_bridge
[9.673s] -- Installing: /home/diego/Ros2_fg_prj/install/fg_bridge/share/fg_bridge/cmake/fg_bridgeConfig.cmake
[9.673s] -- Installing: /home/diego/Ros2_fg_prj/install/fg_bridge/share/fg_bridge/cmake/fg_bridgeConfig-version.cmake
[9.673s] -- Up-to-date: /home/diego/Ros2_fg_prj/install/fg_bridge/share/fg_bridge/package.xml
[9.675s] Invoked command in '/home/diego/Ros2_fg_prj/build/fg_bridge' returned '0': CMAKE_PREFIX_PATH=${CMAKE_PREFIX_PATH}:/opt/ros/humble /usr/bin/cmake --install /home/diego/Ros2_fg_prj/build/fg_bridge
