[0.092s] DEBUG:colcon:Command line arguments: ['/usr/bin/colcon', 'build', '--packages-select', 'fg_bridge']
[0.092s] DEBUG:colcon:Parsed command line arguments: Namespace(log_base=None, log_level=None, verb_name='build', build_base='build', install_base='install', merge_install=False, symlink_install=False, test_result_base=None, continue_on_error=False, executor='parallel', parallel_workers=12, event_handlers=None, ignore_user_meta=False, metas=['./colcon.meta'], base_paths=['.'], packages_ignore=None, packages_ignore_regex=None, paths=None, packages_up_to=None, packages_up_to_regex=None, packages_above=None, packages_above_and_dependencies=None, packages_above_depth=None, packages_select_by_dep=None, packages_skip_by_dep=None, packages_skip_up_to=None, packages_select_build_failed=False, packages_skip_build_finished=False, packages_select_test_failures=False, packages_skip_test_passed=False, packages_select=['fg_bridge'], packages_skip=None, packages_select_regex=None, packages_skip_regex=None, packages_start=None, packages_end=None, allow_overriding=[], cmake_args=None, cmake_target=None, cmake_target_skip_unavailable=False, cmake_clean_cache=False, cmake_clean_first=False, cmake_force_configure=False, ament_cmake_args=None, catkin_cmake_args=None, catkin_skip_building_tests=False, verb_parser=<colcon_defaults.argument_parser.defaults.DefaultArgumentsDecorator object at 0x736a73369000>, verb_extension=<colcon_core.verb.build.BuildVerb object at 0x736a73476740>, main=<bound method BuildVerb.main of <colcon_core.verb.build.BuildVerb object at 0x736a73476740>>)
[0.241s] Level 1:colcon.colcon_core.package_discovery:discover_packages(colcon_meta) check parameters
[0.241s] Level 1:colcon.colcon_core.package_discovery:discover_packages(recursive) check parameters
[0.241s] Level 1:colcon.colcon_core.package_discovery:discover_packages(ignore) check parameters
[0.241s] Level 1:colcon.colcon_core.package_discovery:discover_packages(path) check parameters
[0.241s] Level 1:colcon.colcon_core.package_discovery:discover_packages(colcon_meta) discover
[0.241s] Level 1:colcon.colcon_core.package_discovery:discover_packages(recursive) discover
[0.241s] INFO:colcon.colcon_core.package_discovery:Crawling recursively for packages in '/home/diego/Ros2_fg_prj'
[0.241s] Level 1:colcon.colcon_core.package_identification:_identify(.) by extensions ['ignore', 'ignore_ament_install']
[0.242s] Level 1:colcon.colcon_core.package_identification:_identify(.) by extension 'ignore'
[0.242s] Level 1:colcon.colcon_core.package_identification:_identify(.) by extension 'ignore_ament_install'
[0.242s] Level 1:colcon.colcon_core.package_identification:_identify(.) by extensions ['colcon_pkg']
[0.242s] Level 1:colcon.colcon_core.package_identification:_identify(.) by extension 'colcon_pkg'
[0.242s] Level 1:colcon.colcon_core.package_identification:_identify(.) by extensions ['colcon_meta']
[0.242s] Level 1:colcon.colcon_core.package_identification:_identify(.) by extension 'colcon_meta'
[0.242s] Level 1:colcon.colcon_core.package_identification:_identify(.) by extensions ['ros']
[0.242s] Level 1:colcon.colcon_core.package_identification:_identify(.) by extension 'ros'
[0.252s] Level 1:colcon.colcon_core.package_identification:_identify(.) by extensions ['cmake', 'python']
[0.252s] Level 1:colcon.colcon_core.package_identification:_identify(.) by extension 'cmake'
[0.252s] Level 1:colcon.colcon_core.package_identification:_identify(.) by extension 'python'
[0.252s] Level 1:colcon.colcon_core.package_identification:_identify(.) by extensions ['python_setup_py']
[0.252s] Level 1:colcon.colcon_core.package_identification:_identify(.) by extension 'python_setup_py'
[0.252s] Level 1:colcon.colcon_core.package_identification:_identify(build) by extensions ['ignore', 'ignore_ament_install']
[0.252s] Level 1:colcon.colcon_core.package_identification:_identify(build) by extension 'ignore'
[0.252s] Level 1:colcon.colcon_core.package_identification:_identify(build) ignored
[0.252s] Level 1:colcon.colcon_core.package_identification:_identify(install) by extensions ['ignore', 'ignore_ament_install']
[0.252s] Level 1:colcon.colcon_core.package_identification:_identify(install) by extension 'ignore'
[0.252s] Level 1:colcon.colcon_core.package_identification:_identify(install) ignored
[0.252s] Level 1:colcon.colcon_core.package_identification:_identify(log) by extensions ['ignore', 'ignore_ament_install']
[0.252s] Level 1:colcon.colcon_core.package_identification:_identify(log) by extension 'ignore'
[0.253s] Level 1:colcon.colcon_core.package_identification:_identify(log) ignored
[0.253s] Level 1:colcon.colcon_core.package_identification:_identify(src) by extensions ['ignore', 'ignore_ament_install']
[0.253s] Level 1:colcon.colcon_core.package_identification:_identify(src) by extension 'ignore'
[0.253s] Level 1:colcon.colcon_core.package_identification:_identify(src) by extension 'ignore_ament_install'
[0.253s] Level 1:colcon.colcon_core.package_identification:_identify(src) by extensions ['colcon_pkg']
[0.253s] Level 1:colcon.colcon_core.package_identification:_identify(src) by extension 'colcon_pkg'
[0.253s] Level 1:colcon.colcon_core.package_identification:_identify(src) by extensions ['colcon_meta']
[0.253s] Level 1:colcon.colcon_core.package_identification:_identify(src) by extension 'colcon_meta'
[0.253s] Level 1:colcon.colcon_core.package_identification:_identify(src) by extensions ['ros']
[0.253s] Level 1:colcon.colcon_core.package_identification:_identify(src) by extension 'ros'
[0.253s] Level 1:colcon.colcon_core.package_identification:_identify(src) by extensions ['cmake', 'python']
[0.253s] Level 1:colcon.colcon_core.package_identification:_identify(src) by extension 'cmake'
[0.253s] Level 1:colcon.colcon_core.package_identification:_identify(src) by extension 'python'
[0.253s] Level 1:colcon.colcon_core.package_identification:_identify(src) by extensions ['python_setup_py']
[0.253s] Level 1:colcon.colcon_core.package_identification:_identify(src) by extension 'python_setup_py'
[0.253s] Level 1:colcon.colcon_core.package_identification:_identify(src/fg_node) by extensions ['ignore', 'ignore_ament_install']
[0.253s] Level 1:colcon.colcon_core.package_identification:_identify(src/fg_node) by extension 'ignore'
[0.253s] Level 1:colcon.colcon_core.package_identification:_identify(src/fg_node) by extension 'ignore_ament_install'
[0.253s] Level 1:colcon.colcon_core.package_identification:_identify(src/fg_node) by extensions ['colcon_pkg']
[0.253s] Level 1:colcon.colcon_core.package_identification:_identify(src/fg_node) by extension 'colcon_pkg'
[0.253s] Level 1:colcon.colcon_core.package_identification:_identify(src/fg_node) by extensions ['colcon_meta']
[0.253s] Level 1:colcon.colcon_core.package_identification:_identify(src/fg_node) by extension 'colcon_meta'
[0.253s] Level 1:colcon.colcon_core.package_identification:_identify(src/fg_node) by extensions ['ros']
[0.253s] Level 1:colcon.colcon_core.package_identification:_identify(src/fg_node) by extension 'ros'
[0.256s] DEBUG:colcon.colcon_core.package_identification:Package 'src/fg_node' with type 'ros.ament_cmake' and name 'fg_bridge'
[0.256s] Level 1:colcon.colcon_core.package_discovery:discover_packages(recursive) using defaults
[0.256s] Level 1:colcon.colcon_core.package_discovery:discover_packages(ignore) discover
[0.256s] Level 1:colcon.colcon_core.package_discovery:discover_packages(ignore) using defaults
[0.256s] Level 1:colcon.colcon_core.package_discovery:discover_packages(path) discover
[0.256s] Level 1:colcon.colcon_core.package_discovery:discover_packages(path) using defaults
[0.290s] Level 1:colcon.colcon_core.package_discovery:discover_packages(prefix_path) check parameters
[0.290s] Level 1:colcon.colcon_core.package_discovery:discover_packages(prefix_path) discover
[0.292s] DEBUG:colcon.colcon_installed_package_information.package_discovery:Found 1 installed packages in /home/diego/Ros2_fg_prj/install
[0.292s] DEBUG:colcon.colcon_installed_package_information.package_discovery:Found 3 installed packages in /home/diego/uros_ws/install
[0.292s] DEBUG:colcon.colcon_installed_package_information.package_discovery:Found 1 installed packages in /home/diego/Ros2_esp32/install
[0.294s] DEBUG:colcon.colcon_installed_package_information.package_discovery:Found 386 installed packages in /opt/ros/humble
[0.296s] Level 1:colcon.colcon_core.package_discovery:discover_packages(prefix_path) using defaults
[0.339s] Level 5:colcon.colcon_core.verb:set package 'fg_bridge' build argument 'cmake_args' from command line to 'None'
[0.339s] Level 5:colcon.colcon_core.verb:set package 'fg_bridge' build argument 'cmake_target' from command line to 'None'
[0.339s] Level 5:colcon.colcon_core.verb:set package 'fg_bridge' build argument 'cmake_target_skip_unavailable' from command line to 'False'
[0.339s] Level 5:colcon.colcon_core.verb:set package 'fg_bridge' build argument 'cmake_clean_cache' from command line to 'False'
[0.339s] Level 5:colcon.colcon_core.verb:set package 'fg_bridge' build argument 'cmake_clean_first' from command line to 'False'
[0.339s] Level 5:colcon.colcon_core.verb:set package 'fg_bridge' build argument 'cmake_force_configure' from command line to 'False'
[0.339s] Level 5:colcon.colcon_core.verb:set package 'fg_bridge' build argument 'ament_cmake_args' from command line to 'None'
[0.339s] Level 5:colcon.colcon_core.verb:set package 'fg_bridge' build argument 'catkin_cmake_args' from command line to 'None'
[0.339s] Level 5:colcon.colcon_core.verb:set package 'fg_bridge' build argument 'catkin_skip_building_tests' from command line to 'False'
[0.339s] DEBUG:colcon.colcon_core.verb:Building package 'fg_bridge' with the following arguments: {'ament_cmake_args': None, 'build_base': '/home/diego/Ros2_fg_prj/build/fg_bridge', 'catkin_cmake_args': None, 'catkin_skip_building_tests': False, 'cmake_args': None, 'cmake_clean_cache': False, 'cmake_clean_first': False, 'cmake_force_configure': False, 'cmake_target': None, 'cmake_target_skip_unavailable': False, 'install_base': '/home/diego/Ros2_fg_prj/install/fg_bridge', 'merge_install': False, 'path': '/home/diego/Ros2_fg_prj/src/fg_node', 'symlink_install': False, 'test_result_base': None}
[0.340s] INFO:colcon.colcon_core.executor:Executing jobs using 'parallel' executor
[0.340s] DEBUG:colcon.colcon_parallel_executor.executor.parallel:run_until_complete
[0.341s] INFO:colcon.colcon_ros.task.ament_cmake.build:Building ROS package in '/home/diego/Ros2_fg_prj/src/fg_node' with build type 'ament_cmake'
[0.341s] INFO:colcon.colcon_cmake.task.cmake.build:Building CMake package in '/home/diego/Ros2_fg_prj/src/fg_node'
[0.342s] INFO:colcon.colcon_core.plugin_system:Skipping extension 'colcon_core.shell.bat': Not used on non-Windows systems
[0.343s] INFO:colcon.colcon_core.shell:Skip shell extension 'powershell' for command environment: Not usable outside of PowerShell
[0.343s] DEBUG:colcon.colcon_core.shell:Skip shell extension 'dsv' for command environment
[0.352s] DEBUG:colcon.colcon_core.event_handler.log_command:Invoking command in '/home/diego/Ros2_fg_prj/build/fg_bridge': CMAKE_PREFIX_PATH=${CMAKE_PREFIX_PATH}:/opt/ros/humble /usr/bin/cmake /home/diego/Ros2_fg_prj/src/fg_node -DCMAKE_INSTALL_PREFIX=/home/diego/Ros2_fg_prj/install/fg_bridge
[1.609s] DEBUG:colcon.colcon_core.event_handler.log_command:Invoked command in '/home/diego/Ros2_fg_prj/build/fg_bridge' returned '0': CMAKE_PREFIX_PATH=${CMAKE_PREFIX_PATH}:/opt/ros/humble /usr/bin/cmake /home/diego/Ros2_fg_prj/src/fg_node -DCMAKE_INSTALL_PREFIX=/home/diego/Ros2_fg_prj/install/fg_bridge
[1.611s] DEBUG:colcon.colcon_core.event_handler.log_command:Invoking command in '/home/diego/Ros2_fg_prj/build/fg_bridge': CMAKE_PREFIX_PATH=${CMAKE_PREFIX_PATH}:/opt/ros/humble /usr/bin/cmake --build /home/diego/Ros2_fg_prj/build/fg_bridge -- -j12 -l12
[12.711s] DEBUG:colcon.colcon_core.event_handler.log_command:Invoked command in '/home/diego/Ros2_fg_prj/build/fg_bridge' returned '0': CMAKE_PREFIX_PATH=${CMAKE_PREFIX_PATH}:/opt/ros/humble /usr/bin/cmake --build /home/diego/Ros2_fg_prj/build/fg_bridge -- -j12 -l12
[12.722s] DEBUG:colcon.colcon_core.event_handler.log_command:Invoking command in '/home/diego/Ros2_fg_prj/build/fg_bridge': CMAKE_PREFIX_PATH=${CMAKE_PREFIX_PATH}:/opt/ros/humble /usr/bin/cmake --install /home/diego/Ros2_fg_prj/build/fg_bridge
[12.745s] Level 1:colcon.colcon_core.environment:create_environment_scripts_only(fg_bridge)
[12.746s] DEBUG:colcon.colcon_core.event_handler.log_command:Invoked command in '/home/diego/Ros2_fg_prj/build/fg_bridge' returned '0': CMAKE_PREFIX_PATH=${CMAKE_PREFIX_PATH}:/opt/ros/humble /usr/bin/cmake --install /home/diego/Ros2_fg_prj/build/fg_bridge
[12.747s] Level 1:colcon.colcon_core.environment:checking '/home/diego/Ros2_fg_prj/install/fg_bridge' for CMake module files
[12.748s] Level 1:colcon.colcon_core.environment:checking '/home/diego/Ros2_fg_prj/install/fg_bridge' for CMake config files
[12.748s] Level 1:colcon.colcon_core.shell:create_environment_hook('fg_bridge', 'cmake_prefix_path')
[12.748s] INFO:colcon.colcon_core.shell:Creating environment hook '/home/diego/Ros2_fg_prj/install/fg_bridge/share/fg_bridge/hook/cmake_prefix_path.ps1'
[12.749s] INFO:colcon.colcon_core.shell:Creating environment descriptor '/home/diego/Ros2_fg_prj/install/fg_bridge/share/fg_bridge/hook/cmake_prefix_path.dsv'
[12.749s] INFO:colcon.colcon_core.shell:Creating environment hook '/home/diego/Ros2_fg_prj/install/fg_bridge/share/fg_bridge/hook/cmake_prefix_path.sh'
[12.750s] Level 1:colcon.colcon_core.environment:checking '/home/diego/Ros2_fg_prj/install/fg_bridge/lib'
[12.750s] Level 1:colcon.colcon_core.environment:checking '/home/diego/Ros2_fg_prj/install/fg_bridge/bin'
[12.750s] Level 1:colcon.colcon_core.environment:checking '/home/diego/Ros2_fg_prj/install/fg_bridge/lib/pkgconfig/fg_bridge.pc'
[12.751s] Level 1:colcon.colcon_core.environment:checking '/home/diego/Ros2_fg_prj/install/fg_bridge/lib/python3.10/site-packages'
[12.751s] Level 1:colcon.colcon_core.environment:checking '/home/diego/Ros2_fg_prj/install/fg_bridge/bin'
[12.751s] INFO:colcon.colcon_core.shell:Creating package script '/home/diego/Ros2_fg_prj/install/fg_bridge/share/fg_bridge/package.ps1'
[12.752s] INFO:colcon.colcon_core.shell:Creating package descriptor '/home/diego/Ros2_fg_prj/install/fg_bridge/share/fg_bridge/package.dsv'
[12.753s] INFO:colcon.colcon_core.shell:Creating package script '/home/diego/Ros2_fg_prj/install/fg_bridge/share/fg_bridge/package.sh'
[12.753s] INFO:colcon.colcon_core.shell:Creating package script '/home/diego/Ros2_fg_prj/install/fg_bridge/share/fg_bridge/package.bash'
[12.754s] INFO:colcon.colcon_core.shell:Creating package script '/home/diego/Ros2_fg_prj/install/fg_bridge/share/fg_bridge/package.zsh'
[12.754s] Level 1:colcon.colcon_core.environment:create_file_with_runtime_dependencies(/home/diego/Ros2_fg_prj/install/fg_bridge/share/colcon-core/packages/fg_bridge)
[12.755s] Level 1:colcon.colcon_core.environment:create_environment_scripts_only(fg_bridge)
[12.755s] Level 1:colcon.colcon_core.environment:checking '/home/diego/Ros2_fg_prj/install/fg_bridge' for CMake module files
[12.756s] Level 1:colcon.colcon_core.environment:checking '/home/diego/Ros2_fg_prj/install/fg_bridge' for CMake config files
[12.756s] Level 1:colcon.colcon_core.shell:create_environment_hook('fg_bridge', 'cmake_prefix_path')
[12.756s] INFO:colcon.colcon_core.shell:Creating environment hook '/home/diego/Ros2_fg_prj/install/fg_bridge/share/fg_bridge/hook/cmake_prefix_path.ps1'
[12.756s] INFO:colcon.colcon_core.shell:Creating environment descriptor '/home/diego/Ros2_fg_prj/install/fg_bridge/share/fg_bridge/hook/cmake_prefix_path.dsv'
[12.757s] INFO:colcon.colcon_core.shell:Creating environment hook '/home/diego/Ros2_fg_prj/install/fg_bridge/share/fg_bridge/hook/cmake_prefix_path.sh'
[12.757s] Level 1:colcon.colcon_core.environment:checking '/home/diego/Ros2_fg_prj/install/fg_bridge/lib'
[12.757s] Level 1:colcon.colcon_core.environment:checking '/home/diego/Ros2_fg_prj/install/fg_bridge/bin'
[12.757s] Level 1:colcon.colcon_core.environment:checking '/home/diego/Ros2_fg_prj/install/fg_bridge/lib/pkgconfig/fg_bridge.pc'
[12.757s] Level 1:colcon.colcon_core.environment:checking '/home/diego/Ros2_fg_prj/install/fg_bridge/lib/python3.10/site-packages'
[12.758s] Level 1:colcon.colcon_core.environment:checking '/home/diego/Ros2_fg_prj/install/fg_bridge/bin'
[12.758s] INFO:colcon.colcon_core.shell:Creating package script '/home/diego/Ros2_fg_prj/install/fg_bridge/share/fg_bridge/package.ps1'
[12.759s] INFO:colcon.colcon_core.shell:Creating package descriptor '/home/diego/Ros2_fg_prj/install/fg_bridge/share/fg_bridge/package.dsv'
[12.759s] INFO:colcon.colcon_core.shell:Creating package script '/home/diego/Ros2_fg_prj/install/fg_bridge/share/fg_bridge/package.sh'
[12.760s] INFO:colcon.colcon_core.shell:Creating package script '/home/diego/Ros2_fg_prj/install/fg_bridge/share/fg_bridge/package.bash'
[12.760s] INFO:colcon.colcon_core.shell:Creating package script '/home/diego/Ros2_fg_prj/install/fg_bridge/share/fg_bridge/package.zsh'
[12.760s] Level 1:colcon.colcon_core.environment:create_file_with_runtime_dependencies(/home/diego/Ros2_fg_prj/install/fg_bridge/share/colcon-core/packages/fg_bridge)
[12.761s] DEBUG:colcon.colcon_parallel_executor.executor.parallel:closing loop
[12.761s] DEBUG:colcon.colcon_parallel_executor.executor.parallel:loop closed
[12.761s] DEBUG:colcon.colcon_parallel_executor.executor.parallel:run_until_complete finished with '0'
[12.761s] DEBUG:colcon.colcon_core.event_reactor:joining thread
[12.765s] INFO:colcon.colcon_core.plugin_system:Skipping extension 'colcon_notification.desktop_notification.terminal_notifier': Not used on non-Darwin systems
[12.765s] INFO:colcon.colcon_core.plugin_system:Skipping extension 'colcon_notification.desktop_notification.win32': Not used on non-Windows systems
[12.766s] INFO:colcon.colcon_notification.desktop_notification:Sending desktop notification using 'notify2'
[12.778s] DEBUG:colcon.colcon_core.event_reactor:joined thread
[12.778s] INFO:colcon.colcon_core.shell:Creating prefix script '/home/diego/Ros2_fg_prj/install/local_setup.ps1'
[12.779s] INFO:colcon.colcon_core.shell:Creating prefix util module '/home/diego/Ros2_fg_prj/install/_local_setup_util_ps1.py'
[12.780s] INFO:colcon.colcon_core.shell:Creating prefix chain script '/home/diego/Ros2_fg_prj/install/setup.ps1'
[12.781s] INFO:colcon.colcon_core.shell:Creating prefix script '/home/diego/Ros2_fg_prj/install/local_setup.sh'
[12.782s] INFO:colcon.colcon_core.shell:Creating prefix util module '/home/diego/Ros2_fg_prj/install/_local_setup_util_sh.py'
[12.783s] INFO:colcon.colcon_core.shell:Creating prefix chain script '/home/diego/Ros2_fg_prj/install/setup.sh'
[12.784s] INFO:colcon.colcon_core.shell:Creating prefix script '/home/diego/Ros2_fg_prj/install/local_setup.bash'
[12.784s] INFO:colcon.colcon_core.shell:Creating prefix chain script '/home/diego/Ros2_fg_prj/install/setup.bash'
[12.785s] INFO:colcon.colcon_core.shell:Creating prefix script '/home/diego/Ros2_fg_prj/install/local_setup.zsh'
[12.786s] INFO:colcon.colcon_core.shell:Creating prefix chain script '/home/diego/Ros2_fg_prj/install/setup.zsh'
