[0.173s] DEBUG:colcon:Command line arguments: ['/usr/bin/colcon', 'build', '--packages-select', 'fg_bridge']
[0.173s] DEBUG:colcon:Parsed command line arguments: Namespace(log_base=None, log_level=None, verb_name='build', build_base='build', install_base='install', merge_install=False, symlink_install=False, test_result_base=None, continue_on_error=False, executor='parallel', parallel_workers=12, event_handlers=None, ignore_user_meta=False, metas=['./colcon.meta'], base_paths=['.'], packages_ignore=None, packages_ignore_regex=None, paths=None, packages_up_to=None, packages_up_to_regex=None, packages_above=None, packages_above_and_dependencies=None, packages_above_depth=None, packages_select_by_dep=None, packages_skip_by_dep=None, packages_skip_up_to=None, packages_select_build_failed=False, packages_skip_build_finished=False, packages_select_test_failures=False, packages_skip_test_passed=False, packages_select=['fg_bridge'], packages_skip=None, packages_select_regex=None, packages_skip_regex=None, packages_start=None, packages_end=None, allow_overriding=[], cmake_args=None, cmake_target=None, cmake_target_skip_unavailable=False, cmake_clean_cache=False, cmake_clean_first=False, cmake_force_configure=False, ament_cmake_args=None, catkin_cmake_args=None, catkin_skip_building_tests=False, verb_parser=<colcon_defaults.argument_parser.defaults.DefaultArgumentsDecorator object at 0x7501cef64dc0>, verb_extension=<colcon_core.verb.build.BuildVerb object at 0x7501cf072500>, main=<bound method BuildVerb.main of <colcon_core.verb.build.BuildVerb object at 0x7501cf072500>>)
[0.389s] Level 1:colcon.colcon_core.package_discovery:discover_packages(colcon_meta) check parameters
[0.389s] Level 1:colcon.colcon_core.package_discovery:discover_packages(recursive) check parameters
[0.389s] Level 1:colcon.colcon_core.package_discovery:discover_packages(ignore) check parameters
[0.389s] Level 1:colcon.colcon_core.package_discovery:discover_packages(path) check parameters
[0.389s] Level 1:colcon.colcon_core.package_discovery:discover_packages(colcon_meta) discover
[0.389s] Level 1:colcon.colcon_core.package_discovery:discover_packages(recursive) discover
[0.389s] INFO:colcon.colcon_core.package_discovery:Crawling recursively for packages in '/home/diego/Ros2_fg_prj'
[0.390s] Level 1:colcon.colcon_core.package_identification:_identify(.) by extensions ['ignore', 'ignore_ament_install']
[0.390s] Level 1:colcon.colcon_core.package_identification:_identify(.) by extension 'ignore'
[0.390s] Level 1:colcon.colcon_core.package_identification:_identify(.) by extension 'ignore_ament_install'
[0.390s] Level 1:colcon.colcon_core.package_identification:_identify(.) by extensions ['colcon_pkg']
[0.390s] Level 1:colcon.colcon_core.package_identification:_identify(.) by extension 'colcon_pkg'
[0.390s] Level 1:colcon.colcon_core.package_identification:_identify(.) by extensions ['colcon_meta']
[0.390s] Level 1:colcon.colcon_core.package_identification:_identify(.) by extension 'colcon_meta'
[0.390s] Level 1:colcon.colcon_core.package_identification:_identify(.) by extensions ['ros']
[0.390s] Level 1:colcon.colcon_core.package_identification:_identify(.) by extension 'ros'
[0.401s] Level 1:colcon.colcon_core.package_identification:_identify(.) by extensions ['cmake', 'python']
[0.401s] Level 1:colcon.colcon_core.package_identification:_identify(.) by extension 'cmake'
[0.401s] Level 1:colcon.colcon_core.package_identification:_identify(.) by extension 'python'
[0.401s] Level 1:colcon.colcon_core.package_identification:_identify(.) by extensions ['python_setup_py']
[0.401s] Level 1:colcon.colcon_core.package_identification:_identify(.) by extension 'python_setup_py'
[0.401s] Level 1:colcon.colcon_core.package_identification:_identify(build) by extensions ['ignore', 'ignore_ament_install']
[0.401s] Level 1:colcon.colcon_core.package_identification:_identify(build) by extension 'ignore'
[0.401s] Level 1:colcon.colcon_core.package_identification:_identify(build) ignored
[0.401s] Level 1:colcon.colcon_core.package_identification:_identify(install) by extensions ['ignore', 'ignore_ament_install']
[0.401s] Level 1:colcon.colcon_core.package_identification:_identify(install) by extension 'ignore'
[0.401s] Level 1:colcon.colcon_core.package_identification:_identify(install) ignored
[0.401s] Level 1:colcon.colcon_core.package_identification:_identify(log) by extensions ['ignore', 'ignore_ament_install']
[0.402s] Level 1:colcon.colcon_core.package_identification:_identify(log) by extension 'ignore'
[0.402s] Level 1:colcon.colcon_core.package_identification:_identify(log) ignored
[0.402s] Level 1:colcon.colcon_core.package_identification:_identify(src) by extensions ['ignore', 'ignore_ament_install']
[0.402s] Level 1:colcon.colcon_core.package_identification:_identify(src) by extension 'ignore'
[0.402s] Level 1:colcon.colcon_core.package_identification:_identify(src) by extension 'ignore_ament_install'
[0.402s] Level 1:colcon.colcon_core.package_identification:_identify(src) by extensions ['colcon_pkg']
[0.402s] Level 1:colcon.colcon_core.package_identification:_identify(src) by extension 'colcon_pkg'
[0.402s] Level 1:colcon.colcon_core.package_identification:_identify(src) by extensions ['colcon_meta']
[0.402s] Level 1:colcon.colcon_core.package_identification:_identify(src) by extension 'colcon_meta'
[0.402s] Level 1:colcon.colcon_core.package_identification:_identify(src) by extensions ['ros']
[0.402s] Level 1:colcon.colcon_core.package_identification:_identify(src) by extension 'ros'
[0.402s] Level 1:colcon.colcon_core.package_identification:_identify(src) by extensions ['cmake', 'python']
[0.402s] Level 1:colcon.colcon_core.package_identification:_identify(src) by extension 'cmake'
[0.402s] Level 1:colcon.colcon_core.package_identification:_identify(src) by extension 'python'
[0.402s] Level 1:colcon.colcon_core.package_identification:_identify(src) by extensions ['python_setup_py']
[0.402s] Level 1:colcon.colcon_core.package_identification:_identify(src) by extension 'python_setup_py'
[0.402s] Level 1:colcon.colcon_core.package_identification:_identify(src/fg_node) by extensions ['ignore', 'ignore_ament_install']
[0.402s] Level 1:colcon.colcon_core.package_identification:_identify(src/fg_node) by extension 'ignore'
[0.402s] Level 1:colcon.colcon_core.package_identification:_identify(src/fg_node) by extension 'ignore_ament_install'
[0.402s] Level 1:colcon.colcon_core.package_identification:_identify(src/fg_node) by extensions ['colcon_pkg']
[0.402s] Level 1:colcon.colcon_core.package_identification:_identify(src/fg_node) by extension 'colcon_pkg'
[0.403s] Level 1:colcon.colcon_core.package_identification:_identify(src/fg_node) by extensions ['colcon_meta']
[0.403s] Level 1:colcon.colcon_core.package_identification:_identify(src/fg_node) by extension 'colcon_meta'
[0.403s] Level 1:colcon.colcon_core.package_identification:_identify(src/fg_node) by extensions ['ros']
[0.403s] Level 1:colcon.colcon_core.package_identification:_identify(src/fg_node) by extension 'ros'
[0.406s] DEBUG:colcon.colcon_core.package_identification:Package 'src/fg_node' with type 'ros.ament_cmake' and name 'fg_bridge'
[0.407s] Level 1:colcon.colcon_core.package_discovery:discover_packages(recursive) using defaults
[0.407s] Level 1:colcon.colcon_core.package_discovery:discover_packages(ignore) discover
[0.407s] Level 1:colcon.colcon_core.package_discovery:discover_packages(ignore) using defaults
[0.407s] Level 1:colcon.colcon_core.package_discovery:discover_packages(path) discover
[0.407s] Level 1:colcon.colcon_core.package_discovery:discover_packages(path) using defaults
[0.447s] Level 1:colcon.colcon_core.package_discovery:discover_packages(prefix_path) check parameters
[0.447s] Level 1:colcon.colcon_core.package_discovery:discover_packages(prefix_path) discover
[0.450s] DEBUG:colcon.colcon_installed_package_information.package_discovery:Found 386 installed packages in /opt/ros/humble
[0.451s] Level 1:colcon.colcon_core.package_discovery:discover_packages(prefix_path) using defaults
[0.497s] Level 5:colcon.colcon_core.verb:set package 'fg_bridge' build argument 'cmake_args' from command line to 'None'
[0.497s] Level 5:colcon.colcon_core.verb:set package 'fg_bridge' build argument 'cmake_target' from command line to 'None'
[0.497s] Level 5:colcon.colcon_core.verb:set package 'fg_bridge' build argument 'cmake_target_skip_unavailable' from command line to 'False'
[0.497s] Level 5:colcon.colcon_core.verb:set package 'fg_bridge' build argument 'cmake_clean_cache' from command line to 'False'
[0.497s] Level 5:colcon.colcon_core.verb:set package 'fg_bridge' build argument 'cmake_clean_first' from command line to 'False'
[0.497s] Level 5:colcon.colcon_core.verb:set package 'fg_bridge' build argument 'cmake_force_configure' from command line to 'False'
[0.497s] Level 5:colcon.colcon_core.verb:set package 'fg_bridge' build argument 'ament_cmake_args' from command line to 'None'
[0.497s] Level 5:colcon.colcon_core.verb:set package 'fg_bridge' build argument 'catkin_cmake_args' from command line to 'None'
[0.497s] Level 5:colcon.colcon_core.verb:set package 'fg_bridge' build argument 'catkin_skip_building_tests' from command line to 'False'
[0.497s] DEBUG:colcon.colcon_core.verb:Building package 'fg_bridge' with the following arguments: {'ament_cmake_args': None, 'build_base': '/home/diego/Ros2_fg_prj/build/fg_bridge', 'catkin_cmake_args': None, 'catkin_skip_building_tests': False, 'cmake_args': None, 'cmake_clean_cache': False, 'cmake_clean_first': False, 'cmake_force_configure': False, 'cmake_target': None, 'cmake_target_skip_unavailable': False, 'install_base': '/home/diego/Ros2_fg_prj/install/fg_bridge', 'merge_install': False, 'path': '/home/diego/Ros2_fg_prj/src/fg_node', 'symlink_install': False, 'test_result_base': None}
[0.497s] INFO:colcon.colcon_core.executor:Executing jobs using 'parallel' executor
[0.498s] DEBUG:colcon.colcon_parallel_executor.executor.parallel:run_until_complete
[0.499s] INFO:colcon.colcon_ros.task.ament_cmake.build:Building ROS package in '/home/diego/Ros2_fg_prj/src/fg_node' with build type 'ament_cmake'
[0.499s] INFO:colcon.colcon_cmake.task.cmake.build:Building CMake package in '/home/diego/Ros2_fg_prj/src/fg_node'
[0.501s] INFO:colcon.colcon_core.plugin_system:Skipping extension 'colcon_core.shell.bat': Not used on non-Windows systems
[0.501s] INFO:colcon.colcon_core.shell:Skip shell extension 'powershell' for command environment: Not usable outside of PowerShell
[0.501s] DEBUG:colcon.colcon_core.shell:Skip shell extension 'dsv' for command environment
[0.509s] DEBUG:colcon.colcon_core.event_handler.log_command:Invoking command in '/home/diego/Ros2_fg_prj/build/fg_bridge': CMAKE_PREFIX_PATH=/opt/ros/humble /usr/bin/cmake /home/diego/Ros2_fg_prj/src/fg_node -DCMAKE_INSTALL_PREFIX=/home/diego/Ros2_fg_prj/install/fg_bridge
[2.011s] DEBUG:colcon.colcon_core.event_handler.log_command:Invoked command in '/home/diego/Ros2_fg_prj/build/fg_bridge' returned '0': CMAKE_PREFIX_PATH=/opt/ros/humble /usr/bin/cmake /home/diego/Ros2_fg_prj/src/fg_node -DCMAKE_INSTALL_PREFIX=/home/diego/Ros2_fg_prj/install/fg_bridge
[2.012s] DEBUG:colcon.colcon_core.event_handler.log_command:Invoking command in '/home/diego/Ros2_fg_prj/build/fg_bridge': CMAKE_PREFIX_PATH=/opt/ros/humble /usr/bin/cmake --build /home/diego/Ros2_fg_prj/build/fg_bridge -- -j12 -l12
[11.764s] DEBUG:colcon.colcon_core.event_handler.log_command:Invoked command in '/home/diego/Ros2_fg_prj/build/fg_bridge' returned '0': CMAKE_PREFIX_PATH=/opt/ros/humble /usr/bin/cmake --build /home/diego/Ros2_fg_prj/build/fg_bridge -- -j12 -l12
[11.777s] DEBUG:colcon.colcon_core.event_handler.log_command:Invoking command in '/home/diego/Ros2_fg_prj/build/fg_bridge': CMAKE_PREFIX_PATH=/opt/ros/humble /usr/bin/cmake --install /home/diego/Ros2_fg_prj/build/fg_bridge
[11.802s] Level 1:colcon.colcon_core.environment:create_environment_scripts_only(fg_bridge)
[11.802s] DEBUG:colcon.colcon_core.event_handler.log_command:Invoked command in '/home/diego/Ros2_fg_prj/build/fg_bridge' returned '0': CMAKE_PREFIX_PATH=/opt/ros/humble /usr/bin/cmake --install /home/diego/Ros2_fg_prj/build/fg_bridge
[11.805s] Level 1:colcon.colcon_core.environment:checking '/home/diego/Ros2_fg_prj/install/fg_bridge' for CMake module files
[11.806s] Level 1:colcon.colcon_core.environment:checking '/home/diego/Ros2_fg_prj/install/fg_bridge' for CMake config files
[11.806s] Level 1:colcon.colcon_core.shell:create_environment_hook('fg_bridge', 'cmake_prefix_path')
[11.806s] INFO:colcon.colcon_core.shell:Creating environment hook '/home/diego/Ros2_fg_prj/install/fg_bridge/share/fg_bridge/hook/cmake_prefix_path.ps1'
[11.807s] INFO:colcon.colcon_core.shell:Creating environment descriptor '/home/diego/Ros2_fg_prj/install/fg_bridge/share/fg_bridge/hook/cmake_prefix_path.dsv'
[11.808s] INFO:colcon.colcon_core.shell:Creating environment hook '/home/diego/Ros2_fg_prj/install/fg_bridge/share/fg_bridge/hook/cmake_prefix_path.sh'
[11.809s] Level 1:colcon.colcon_core.environment:checking '/home/diego/Ros2_fg_prj/install/fg_bridge/lib'
[11.809s] Level 1:colcon.colcon_core.environment:checking '/home/diego/Ros2_fg_prj/install/fg_bridge/bin'
[11.809s] Level 1:colcon.colcon_core.environment:checking '/home/diego/Ros2_fg_prj/install/fg_bridge/lib/pkgconfig/fg_bridge.pc'
[11.810s] Level 1:colcon.colcon_core.environment:checking '/home/diego/Ros2_fg_prj/install/fg_bridge/lib/python3.10/site-packages'
[11.810s] Level 1:colcon.colcon_core.environment:checking '/home/diego/Ros2_fg_prj/install/fg_bridge/bin'
[11.810s] INFO:colcon.colcon_core.shell:Creating package script '/home/diego/Ros2_fg_prj/install/fg_bridge/share/fg_bridge/package.ps1'
[11.811s] INFO:colcon.colcon_core.shell:Creating package descriptor '/home/diego/Ros2_fg_prj/install/fg_bridge/share/fg_bridge/package.dsv'
[11.812s] INFO:colcon.colcon_core.shell:Creating package script '/home/diego/Ros2_fg_prj/install/fg_bridge/share/fg_bridge/package.sh'
[11.813s] INFO:colcon.colcon_core.shell:Creating package script '/home/diego/Ros2_fg_prj/install/fg_bridge/share/fg_bridge/package.bash'
[11.814s] INFO:colcon.colcon_core.shell:Creating package script '/home/diego/Ros2_fg_prj/install/fg_bridge/share/fg_bridge/package.zsh'
[11.815s] Level 1:colcon.colcon_core.environment:create_file_with_runtime_dependencies(/home/diego/Ros2_fg_prj/install/fg_bridge/share/colcon-core/packages/fg_bridge)
[11.815s] Level 1:colcon.colcon_core.environment:create_environment_scripts_only(fg_bridge)
[11.815s] Level 1:colcon.colcon_core.environment:checking '/home/diego/Ros2_fg_prj/install/fg_bridge' for CMake module files
[11.816s] Level 1:colcon.colcon_core.environment:checking '/home/diego/Ros2_fg_prj/install/fg_bridge' for CMake config files
[11.816s] Level 1:colcon.colcon_core.shell:create_environment_hook('fg_bridge', 'cmake_prefix_path')
[11.816s] INFO:colcon.colcon_core.shell:Creating environment hook '/home/diego/Ros2_fg_prj/install/fg_bridge/share/fg_bridge/hook/cmake_prefix_path.ps1'
[11.817s] INFO:colcon.colcon_core.shell:Creating environment descriptor '/home/diego/Ros2_fg_prj/install/fg_bridge/share/fg_bridge/hook/cmake_prefix_path.dsv'
[11.817s] INFO:colcon.colcon_core.shell:Creating environment hook '/home/diego/Ros2_fg_prj/install/fg_bridge/share/fg_bridge/hook/cmake_prefix_path.sh'
[11.817s] Level 1:colcon.colcon_core.environment:checking '/home/diego/Ros2_fg_prj/install/fg_bridge/lib'
[11.818s] Level 1:colcon.colcon_core.environment:checking '/home/diego/Ros2_fg_prj/install/fg_bridge/bin'
[11.818s] Level 1:colcon.colcon_core.environment:checking '/home/diego/Ros2_fg_prj/install/fg_bridge/lib/pkgconfig/fg_bridge.pc'
[11.818s] Level 1:colcon.colcon_core.environment:checking '/home/diego/Ros2_fg_prj/install/fg_bridge/lib/python3.10/site-packages'
[11.818s] Level 1:colcon.colcon_core.environment:checking '/home/diego/Ros2_fg_prj/install/fg_bridge/bin'
[11.818s] INFO:colcon.colcon_core.shell:Creating package script '/home/diego/Ros2_fg_prj/install/fg_bridge/share/fg_bridge/package.ps1'
[11.819s] INFO:colcon.colcon_core.shell:Creating package descriptor '/home/diego/Ros2_fg_prj/install/fg_bridge/share/fg_bridge/package.dsv'
[11.819s] INFO:colcon.colcon_core.shell:Creating package script '/home/diego/Ros2_fg_prj/install/fg_bridge/share/fg_bridge/package.sh'
[11.820s] INFO:colcon.colcon_core.shell:Creating package script '/home/diego/Ros2_fg_prj/install/fg_bridge/share/fg_bridge/package.bash'
[11.821s] INFO:colcon.colcon_core.shell:Creating package script '/home/diego/Ros2_fg_prj/install/fg_bridge/share/fg_bridge/package.zsh'
[11.821s] Level 1:colcon.colcon_core.environment:create_file_with_runtime_dependencies(/home/diego/Ros2_fg_prj/install/fg_bridge/share/colcon-core/packages/fg_bridge)
[11.821s] DEBUG:colcon.colcon_parallel_executor.executor.parallel:closing loop
[11.822s] DEBUG:colcon.colcon_parallel_executor.executor.parallel:loop closed
[11.822s] DEBUG:colcon.colcon_parallel_executor.executor.parallel:run_until_complete finished with '0'
[11.822s] DEBUG:colcon.colcon_core.event_reactor:joining thread
[11.827s] INFO:colcon.colcon_core.plugin_system:Skipping extension 'colcon_notification.desktop_notification.terminal_notifier': Not used on non-Darwin systems
[11.827s] INFO:colcon.colcon_core.plugin_system:Skipping extension 'colcon_notification.desktop_notification.win32': Not used on non-Windows systems
[11.827s] INFO:colcon.colcon_notification.desktop_notification:Sending desktop notification using 'notify2'
[11.847s] DEBUG:colcon.colcon_core.event_reactor:joined thread
[11.847s] INFO:colcon.colcon_core.shell:Creating prefix script '/home/diego/Ros2_fg_prj/install/local_setup.ps1'
[11.848s] INFO:colcon.colcon_core.shell:Creating prefix util module '/home/diego/Ros2_fg_prj/install/_local_setup_util_ps1.py'
[11.850s] INFO:colcon.colcon_core.shell:Creating prefix chain script '/home/diego/Ros2_fg_prj/install/setup.ps1'
[11.851s] INFO:colcon.colcon_core.shell:Creating prefix script '/home/diego/Ros2_fg_prj/install/local_setup.sh'
[11.852s] INFO:colcon.colcon_core.shell:Creating prefix util module '/home/diego/Ros2_fg_prj/install/_local_setup_util_sh.py'
[11.853s] INFO:colcon.colcon_core.shell:Creating prefix chain script '/home/diego/Ros2_fg_prj/install/setup.sh'
[11.854s] INFO:colcon.colcon_core.shell:Creating prefix script '/home/diego/Ros2_fg_prj/install/local_setup.bash'
[11.855s] INFO:colcon.colcon_core.shell:Creating prefix chain script '/home/diego/Ros2_fg_prj/install/setup.bash'
[11.857s] INFO:colcon.colcon_core.shell:Creating prefix script '/home/diego/Ros2_fg_prj/install/local_setup.zsh'
[11.857s] INFO:colcon.colcon_core.shell:Creating prefix chain script '/home/diego/Ros2_fg_prj/install/setup.zsh'
