[0.011s] Invoking command in '/home/diego/Ros2_fg_prj/build/fg_bridge': CMAKE_PREFIX_PATH=${CMAKE_PREFIX_PATH}:/opt/ros/humble /usr/bin/cmake /home/diego/Ros2_fg_prj/src/fg_node -DCMAKE_INSTALL_PREFIX=/home/diego/Ros2_fg_prj/install/fg_bridge
[0.090s] -- The C compiler identification is GNU 11.4.0
[0.147s] -- The CXX compiler identification is GNU 11.4.0
[0.155s] -- Detecting C compiler ABI info
[0.226s] -- Detecting C compiler ABI info - done
[0.233s] -- Check for working C compiler: /usr/bin/cc - skipped
[0.233s] -- Detecting C compile features
[0.234s] -- Detecting C compile features - done
[0.236s] -- Detecting CXX compiler ABI info
[0.320s] -- Detecting CXX compiler ABI info - done
[0.327s] -- Check for working CXX compiler: /usr/bin/c++ - skipped
[0.327s] -- Detecting CXX compile features
[0.328s] -- Detecting CXX compile features - done
[0.332s] -- Found ament_cmake: 1.3.14 (/opt/ros/humble/share/ament_cmake/cmake)
[0.483s] -- Found Python3: /usr/bin/python3 (found version "3.10.12") found components: Interpreter 
[0.578s] -- Found rclcpp: 16.0.19 (/opt/ros/humble/share/rclcpp/cmake)
[0.628s] -- Found rosidl_generator_c: 3.1.9 (/opt/ros/humble/share/rosidl_generator_c/cmake)
[0.634s] -- Found rosidl_adapter: 3.1.9 (/opt/ros/humble/share/rosidl_adapter/cmake)
[0.644s] -- Found rosidl_generator_cpp: 3.1.9 (/opt/ros/humble/share/rosidl_generator_cpp/cmake)
[0.657s] -- Using all available rosidl_typesupport_c: rosidl_typesupport_fastrtps_c;rosidl_typesupport_introspection_c
[0.675s] -- Using all available rosidl_typesupport_cpp: rosidl_typesupport_fastrtps_cpp;rosidl_typesupport_introspection_cpp
[0.723s] -- Found rmw_implementation_cmake: 6.1.2 (/opt/ros/humble/share/rmw_implementation_cmake/cmake)
[0.727s] -- Found rmw_fastrtps_cpp: 6.2.10 (/opt/ros/humble/share/rmw_fastrtps_cpp/cmake)
[0.843s] -- Found OpenSSL: /usr/lib/x86_64-linux-gnu/libcrypto.so (found version "3.0.2")  
[0.874s] -- Found FastRTPS: /opt/ros/humble/include  
[0.924s] -- Using RMW implementation 'rmw_fastrtps_cpp' as default
[0.935s] -- Looking for pthread.h
[1.013s] -- Looking for pthread.h - found
[1.014s] -- Performing Test CMAKE_HAVE_LIBC_PTHREAD
[1.094s] -- Performing Test CMAKE_HAVE_LIBC_PTHREAD - Success
[1.095s] -- Found Threads: TRUE  
[1.151s] -- Found sensor_msgs: 4.9.1 (/opt/ros/humble/share/sensor_msgs/cmake)
[1.181s] -- Found ament_lint_auto: 0.12.15 (/opt/ros/humble/share/ament_lint_auto/cmake)
[1.267s] -- Added test 'cppcheck' to perform static code analysis on C / C++ code
[1.267s] -- Configured cppcheck include dirs: 
[1.267s] -- Configured cppcheck exclude dirs and/or files: 
[1.268s] -- Added test 'lint_cmake' to check CMake code style
[1.269s] -- Added test 'uncrustify' to check C / C++ code style
[1.269s] -- Configured uncrustify additional arguments: 
[1.269s] -- Added test 'xmllint' to check XML markup files
[1.270s] -- Configuring done
[1.285s] -- Generating done
[1.290s] -- Build files have been written to: /home/diego/Ros2_fg_prj/build/fg_bridge
[1.300s] Invoked command in '/home/diego/Ros2_fg_prj/build/fg_bridge' returned '0': CMAKE_PREFIX_PATH=${CMAKE_PREFIX_PATH}:/opt/ros/humble /usr/bin/cmake /home/diego/Ros2_fg_prj/src/fg_node -DCMAKE_INSTALL_PREFIX=/home/diego/Ros2_fg_prj/install/fg_bridge
[1.302s] Invoking command in '/home/diego/Ros2_fg_prj/build/fg_bridge': CMAKE_PREFIX_PATH=${CMAKE_PREFIX_PATH}:/opt/ros/humble /usr/bin/cmake --build /home/diego/Ros2_fg_prj/build/fg_bridge -- -j12 -l12
[1.355s] [ 50%] [32mBuilding CXX object CMakeFiles/Ros2_main.dir/src/Ros2_main.cpp.o[0m
[1.355s] [ 50%] [32mBuilding CXX object CMakeFiles/Ros2fg_bridge.dir/src/Ros2fg_bridge.cpp.o[0m
[9.471s] [ 75%] [32m[1mLinking CXX executable Ros2fg_bridge[0m
[9.474s] [100%] [32m[1mLinking CXX executable Ros2_main[0m
[9.978s] [100%] Built target Ros2fg_bridge
[10.081s] [100%] Built target Ros2_main
[10.094s] Invoked command in '/home/diego/Ros2_fg_prj/build/fg_bridge' returned '0': CMAKE_PREFIX_PATH=${CMAKE_PREFIX_PATH}:/opt/ros/humble /usr/bin/cmake --build /home/diego/Ros2_fg_prj/build/fg_bridge -- -j12 -l12
[10.104s] Invoking command in '/home/diego/Ros2_fg_prj/build/fg_bridge': CMAKE_PREFIX_PATH=${CMAKE_PREFIX_PATH}:/opt/ros/humble /usr/bin/cmake --install /home/diego/Ros2_fg_prj/build/fg_bridge
[10.112s] -- Install configuration: ""
[10.112s] -- Installing: /home/diego/Ros2_fg_prj/install/fg_bridge/lib/fg_bridge/Ros2_main
[10.119s] -- Set runtime path of "/home/diego/Ros2_fg_prj/install/fg_bridge/lib/fg_bridge/Ros2_main" to ""
[10.119s] -- Installing: /home/diego/Ros2_fg_prj/install/fg_bridge/lib/fg_bridge/Ros2fg_bridge
[10.125s] -- Set runtime path of "/home/diego/Ros2_fg_prj/install/fg_bridge/lib/fg_bridge/Ros2fg_bridge" to ""
[10.125s] -- Installing: /home/diego/Ros2_fg_prj/install/fg_bridge/share/ament_index/resource_index/package_run_dependencies/fg_bridge
[10.126s] -- Installing: /home/diego/Ros2_fg_prj/install/fg_bridge/share/ament_index/resource_index/parent_prefix_path/fg_bridge
[10.126s] -- Up-to-date: /home/diego/Ros2_fg_prj/install/fg_bridge/share/fg_bridge/environment/ament_prefix_path.sh
[10.126s] -- Installing: /home/diego/Ros2_fg_prj/install/fg_bridge/share/fg_bridge/environment/ament_prefix_path.dsv
[10.126s] -- Up-to-date: /home/diego/Ros2_fg_prj/install/fg_bridge/share/fg_bridge/environment/path.sh
[10.126s] -- Installing: /home/diego/Ros2_fg_prj/install/fg_bridge/share/fg_bridge/environment/path.dsv
[10.126s] -- Installing: /home/diego/Ros2_fg_prj/install/fg_bridge/share/fg_bridge/local_setup.bash
[10.126s] -- Installing: /home/diego/Ros2_fg_prj/install/fg_bridge/share/fg_bridge/local_setup.sh
[10.127s] -- Installing: /home/diego/Ros2_fg_prj/install/fg_bridge/share/fg_bridge/local_setup.zsh
[10.127s] -- Installing: /home/diego/Ros2_fg_prj/install/fg_bridge/share/fg_bridge/local_setup.dsv
[10.127s] -- Installing: /home/diego/Ros2_fg_prj/install/fg_bridge/share/fg_bridge/package.dsv
[10.127s] -- Installing: /home/diego/Ros2_fg_prj/install/fg_bridge/share/ament_index/resource_index/packages/fg_bridge
[10.127s] -- Installing: /home/diego/Ros2_fg_prj/install/fg_bridge/share/fg_bridge/cmake/fg_bridgeConfig.cmake
[10.127s] -- Installing: /home/diego/Ros2_fg_prj/install/fg_bridge/share/fg_bridge/cmake/fg_bridgeConfig-version.cmake
[10.128s] -- Up-to-date: /home/diego/Ros2_fg_prj/install/fg_bridge/share/fg_bridge/package.xml
[10.130s] Invoked command in '/home/diego/Ros2_fg_prj/build/fg_bridge' returned '0': CMAKE_PREFIX_PATH=${CMAKE_PREFIX_PATH}:/opt/ros/humble /usr/bin/cmake --install /home/diego/Ros2_fg_prj/build/fg_bridge
