[0.010s] Invoking command in '/home/diego/Ros2_fg_prj/build/fg_bridge': CMAKE_PREFIX_PATH=/opt/ros/humble /usr/bin/cmake /home/diego/Ros2_fg_prj/src/fg_node -DCMAKE_INSTALL_PREFIX=/home/diego/Ros2_fg_prj/install/fg_bridge
[0.061s] -- The C compiler identification is GNU 11.4.0
[0.111s] -- The CXX compiler identification is GNU 11.4.0
[0.118s] -- Detecting C compiler ABI info
[0.181s] -- Detecting C compiler ABI info - done
[0.187s] -- Check for working C compiler: /usr/bin/cc - skipped
[0.187s] -- Detecting C compile features
[0.187s] -- Detecting C compile features - done
[0.190s] -- Detecting CXX compiler ABI info
[0.263s] -- Detecting CXX compiler ABI info - done
[0.270s] -- Check for working CXX compiler: /usr/bin/c++ - skipped
[0.270s] -- Detecting CXX compile features
[0.271s] -- Detecting CXX compile features - done
[0.275s] -- Found ament_cmake: 1.3.14 (/opt/ros/humble/share/ament_cmake/cmake)
[0.405s] -- Found Python3: /usr/bin/python3 (found version "3.10.12") found components: Interpreter 
[0.495s] -- Found rclcpp: 16.0.19 (/opt/ros/humble/share/rclcpp/cmake)
[0.546s] -- Found rosidl_generator_c: 3.1.9 (/opt/ros/humble/share/rosidl_generator_c/cmake)
[0.552s] -- Found rosidl_adapter: 3.1.9 (/opt/ros/humble/share/rosidl_adapter/cmake)
[0.562s] -- Found rosidl_generator_cpp: 3.1.9 (/opt/ros/humble/share/rosidl_generator_cpp/cmake)
[0.576s] -- Using all available rosidl_typesupport_c: rosidl_typesupport_fastrtps_c;rosidl_typesupport_introspection_c
[0.593s] -- Using all available rosidl_typesupport_cpp: rosidl_typesupport_fastrtps_cpp;rosidl_typesupport_introspection_cpp
[0.641s] -- Found rmw_implementation_cmake: 6.1.2 (/opt/ros/humble/share/rmw_implementation_cmake/cmake)
[0.645s] -- Found rmw_fastrtps_cpp: 6.2.10 (/opt/ros/humble/share/rmw_fastrtps_cpp/cmake)
[0.742s] -- Found OpenSSL: /usr/lib/x86_64-linux-gnu/libcrypto.so (found version "3.0.2")  
[0.770s] -- Found FastRTPS: /opt/ros/humble/include  
[0.812s] -- Using RMW implementation 'rmw_fastrtps_cpp' as default
[0.822s] -- Looking for pthread.h
[0.890s] -- Looking for pthread.h - found
[0.891s] -- Performing Test CMAKE_HAVE_LIBC_PTHREAD
[0.960s] -- Performing Test CMAKE_HAVE_LIBC_PTHREAD - Success
[0.961s] -- Found Threads: TRUE  
[1.017s] -- Found sensor_msgs: 4.9.1 (/opt/ros/humble/share/sensor_msgs/cmake)
[1.049s] -- Found ament_lint_auto: 0.12.15 (/opt/ros/humble/share/ament_lint_auto/cmake)
[1.123s] -- Added test 'cppcheck' to perform static code analysis on C / C++ code
[1.123s] -- Configured cppcheck include dirs: 
[1.123s] -- Configured cppcheck exclude dirs and/or files: 
[1.124s] -- Added test 'lint_cmake' to check CMake code style
[1.125s] -- Added test 'uncrustify' to check C / C++ code style
[1.125s] -- Configured uncrustify additional arguments: 
[1.126s] -- Added test 'xmllint' to check XML markup files
[1.127s] -- Configuring done
[1.141s] -- Generating done
[1.147s] -- Build files have been written to: /home/diego/Ros2_fg_prj/build/fg_bridge
[1.155s] Invoked command in '/home/diego/Ros2_fg_prj/build/fg_bridge' returned '0': CMAKE_PREFIX_PATH=/opt/ros/humble /usr/bin/cmake /home/diego/Ros2_fg_prj/src/fg_node -DCMAKE_INSTALL_PREFIX=/home/diego/Ros2_fg_prj/install/fg_bridge
[1.157s] Invoking command in '/home/diego/Ros2_fg_prj/build/fg_bridge': CMAKE_PREFIX_PATH=/opt/ros/humble /usr/bin/cmake --build /home/diego/Ros2_fg_prj/build/fg_bridge -- -j12 -l12
[1.204s] [ 50%] [32mBuilding CXX object CMakeFiles/Ros2_main.dir/src/Ros2_main.cpp.o[0m
[1.204s] [ 50%] [32mBuilding CXX object CMakeFiles/Ros2fg_bridge.dir/src/Ros2fg_bridge.cpp.o[0m
[8.186s] [ 75%] [32m[1mLinking CXX executable Ros2fg_bridge[0m
[8.218s] [100%] [32m[1mLinking CXX executable Ros2_main[0m
[8.673s] [100%] Built target Ros2fg_bridge
[8.680s] [100%] Built target Ros2_main
[8.692s] Invoked command in '/home/diego/Ros2_fg_prj/build/fg_bridge' returned '0': CMAKE_PREFIX_PATH=/opt/ros/humble /usr/bin/cmake --build /home/diego/Ros2_fg_prj/build/fg_bridge -- -j12 -l12
[8.701s] Invoking command in '/home/diego/Ros2_fg_prj/build/fg_bridge': CMAKE_PREFIX_PATH=/opt/ros/humble /usr/bin/cmake --install /home/diego/Ros2_fg_prj/build/fg_bridge
[8.708s] -- Install configuration: ""
[8.708s] -- Installing: /home/diego/Ros2_fg_prj/install/fg_bridge/lib/fg_bridge/Ros2_main
[8.714s] -- Set runtime path of "/home/diego/Ros2_fg_prj/install/fg_bridge/lib/fg_bridge/Ros2_main" to ""
[8.714s] -- Installing: /home/diego/Ros2_fg_prj/install/fg_bridge/lib/fg_bridge/Ros2fg_bridge
[8.719s] -- Set runtime path of "/home/diego/Ros2_fg_prj/install/fg_bridge/lib/fg_bridge/Ros2fg_bridge" to ""
[8.719s] -- Installing: /home/diego/Ros2_fg_prj/install/fg_bridge/share/ament_index/resource_index/package_run_dependencies/fg_bridge
[8.719s] -- Installing: /home/diego/Ros2_fg_prj/install/fg_bridge/share/ament_index/resource_index/parent_prefix_path/fg_bridge
[8.720s] -- Up-to-date: /home/diego/Ros2_fg_prj/install/fg_bridge/share/fg_bridge/environment/ament_prefix_path.sh
[8.720s] -- Installing: /home/diego/Ros2_fg_prj/install/fg_bridge/share/fg_bridge/environment/ament_prefix_path.dsv
[8.720s] -- Up-to-date: /home/diego/Ros2_fg_prj/install/fg_bridge/share/fg_bridge/environment/path.sh
[8.720s] -- Installing: /home/diego/Ros2_fg_prj/install/fg_bridge/share/fg_bridge/environment/path.dsv
[8.720s] -- Installing: /home/diego/Ros2_fg_prj/install/fg_bridge/share/fg_bridge/local_setup.bash
[8.720s] -- Installing: /home/diego/Ros2_fg_prj/install/fg_bridge/share/fg_bridge/local_setup.sh
[8.720s] -- Installing: /home/diego/Ros2_fg_prj/install/fg_bridge/share/fg_bridge/local_setup.zsh
[8.721s] -- Installing: /home/diego/Ros2_fg_prj/install/fg_bridge/share/fg_bridge/local_setup.dsv
[8.721s] -- Installing: /home/diego/Ros2_fg_prj/install/fg_bridge/share/fg_bridge/package.dsv
[8.721s] -- Installing: /home/diego/Ros2_fg_prj/install/fg_bridge/share/ament_index/resource_index/packages/fg_bridge
[8.721s] -- Installing: /home/diego/Ros2_fg_prj/install/fg_bridge/share/fg_bridge/cmake/fg_bridgeConfig.cmake
[8.721s] -- Installing: /home/diego/Ros2_fg_prj/install/fg_bridge/share/fg_bridge/cmake/fg_bridgeConfig-version.cmake
[8.722s] -- Installing: /home/diego/Ros2_fg_prj/install/fg_bridge/share/fg_bridge/package.xml
[8.724s] Invoked command in '/home/diego/Ros2_fg_prj/build/fg_bridge' returned '0': CMAKE_PREFIX_PATH=/opt/ros/humble /usr/bin/cmake --install /home/diego/Ros2_fg_prj/build/fg_bridge
