[0.089s] DEBUG:colcon:Command line arguments: ['/usr/bin/colcon', 'build']
[0.089s] DEBUG:colcon:Parsed command line arguments: Namespace(log_base=None, log_level=None, verb_name='build', build_base='build', install_base='install', merge_install=False, symlink_install=False, test_result_base=None, continue_on_error=False, executor='parallel', parallel_workers=12, event_handlers=None, ignore_user_meta=False, metas=['./colcon.meta'], base_paths=['.'], packages_ignore=None, packages_ignore_regex=None, paths=None, packages_up_to=None, packages_up_to_regex=None, packages_above=None, packages_above_and_dependencies=None, packages_above_depth=None, packages_select_by_dep=None, packages_skip_by_dep=None, packages_skip_up_to=None, packages_select_build_failed=False, packages_skip_build_finished=False, packages_select_test_failures=False, packages_skip_test_passed=False, packages_select=None, packages_skip=None, packages_select_regex=None, packages_skip_regex=None, packages_start=None, packages_end=None, allow_overriding=[], cmake_args=None, cmake_target=None, cmake_target_skip_unavailable=False, cmake_clean_cache=False, cmake_clean_first=False, cmake_force_configure=False, ament_cmake_args=None, catkin_cmake_args=None, catkin_skip_building_tests=False, verb_parser=<colcon_defaults.argument_parser.defaults.DefaultArgumentsDecorator object at 0x7417fb620460>, verb_extension=<colcon_core.verb.build.BuildVerb object at 0x7417fb771b40>, main=<bound method BuildVerb.main of <colcon_core.verb.build.BuildVerb object at 0x7417fb771b40>>)
[0.232s] Level 1:colcon.colcon_core.package_discovery:discover_packages(colcon_meta) check parameters
[0.232s] Level 1:colcon.colcon_core.package_discovery:discover_packages(recursive) check parameters
[0.232s] Level 1:colcon.colcon_core.package_discovery:discover_packages(ignore) check parameters
[0.232s] Level 1:colcon.colcon_core.package_discovery:discover_packages(path) check parameters
[0.232s] Level 1:colcon.colcon_core.package_discovery:discover_packages(colcon_meta) discover
[0.232s] Level 1:colcon.colcon_core.package_discovery:discover_packages(recursive) discover
[0.232s] INFO:colcon.colcon_core.package_discovery:Crawling recursively for packages in '/home/diego/Ros2_esp32'
[0.232s] Level 1:colcon.colcon_core.package_identification:_identify(.) by extensions ['ignore', 'ignore_ament_install']
[0.232s] Level 1:colcon.colcon_core.package_identification:_identify(.) by extension 'ignore'
[0.233s] Level 1:colcon.colcon_core.package_identification:_identify(.) by extension 'ignore_ament_install'
[0.233s] Level 1:colcon.colcon_core.package_identification:_identify(.) by extensions ['colcon_pkg']
[0.233s] Level 1:colcon.colcon_core.package_identification:_identify(.) by extension 'colcon_pkg'
[0.233s] Level 1:colcon.colcon_core.package_identification:_identify(.) by extensions ['colcon_meta']
[0.233s] Level 1:colcon.colcon_core.package_identification:_identify(.) by extension 'colcon_meta'
[0.233s] Level 1:colcon.colcon_core.package_identification:_identify(.) by extensions ['ros']
[0.233s] Level 1:colcon.colcon_core.package_identification:_identify(.) by extension 'ros'
[0.244s] Level 1:colcon.colcon_core.package_identification:_identify(.) by extensions ['cmake', 'python']
[0.244s] Level 1:colcon.colcon_core.package_identification:_identify(.) by extension 'cmake'
[0.244s] Level 1:colcon.colcon_core.package_identification:_identify(.) by extension 'python'
[0.244s] Level 1:colcon.colcon_core.package_identification:_identify(.) by extensions ['python_setup_py']
[0.244s] Level 1:colcon.colcon_core.package_identification:_identify(.) by extension 'python_setup_py'
[0.244s] Level 1:colcon.colcon_core.package_identification:_identify(build) by extensions ['ignore', 'ignore_ament_install']
[0.244s] Level 1:colcon.colcon_core.package_identification:_identify(build) by extension 'ignore'
[0.244s] Level 1:colcon.colcon_core.package_identification:_identify(build) ignored
[0.244s] Level 1:colcon.colcon_core.package_identification:_identify(install) by extensions ['ignore', 'ignore_ament_install']
[0.245s] Level 1:colcon.colcon_core.package_identification:_identify(install) by extension 'ignore'
[0.245s] Level 1:colcon.colcon_core.package_identification:_identify(install) ignored
[0.245s] Level 1:colcon.colcon_core.package_identification:_identify(log) by extensions ['ignore', 'ignore_ament_install']
[0.245s] Level 1:colcon.colcon_core.package_identification:_identify(log) by extension 'ignore'
[0.245s] Level 1:colcon.colcon_core.package_identification:_identify(log) ignored
[0.245s] Level 1:colcon.colcon_core.package_identification:_identify(src) by extensions ['ignore', 'ignore_ament_install']
[0.245s] Level 1:colcon.colcon_core.package_identification:_identify(src) by extension 'ignore'
[0.245s] Level 1:colcon.colcon_core.package_identification:_identify(src) by extension 'ignore_ament_install'
[0.245s] Level 1:colcon.colcon_core.package_identification:_identify(src) by extensions ['colcon_pkg']
[0.245s] Level 1:colcon.colcon_core.package_identification:_identify(src) by extension 'colcon_pkg'
[0.245s] Level 1:colcon.colcon_core.package_identification:_identify(src) by extensions ['colcon_meta']
[0.245s] Level 1:colcon.colcon_core.package_identification:_identify(src) by extension 'colcon_meta'
[0.245s] Level 1:colcon.colcon_core.package_identification:_identify(src) by extensions ['ros']
[0.245s] Level 1:colcon.colcon_core.package_identification:_identify(src) by extension 'ros'
[0.245s] Level 1:colcon.colcon_core.package_identification:_identify(src) by extensions ['cmake', 'python']
[0.245s] Level 1:colcon.colcon_core.package_identification:_identify(src) by extension 'cmake'
[0.245s] Level 1:colcon.colcon_core.package_identification:_identify(src) by extension 'python'
[0.245s] Level 1:colcon.colcon_core.package_identification:_identify(src) by extensions ['python_setup_py']
[0.245s] Level 1:colcon.colcon_core.package_identification:_identify(src) by extension 'python_setup_py'
[0.245s] Level 1:colcon.colcon_core.package_identification:_identify(src/micro_ros_setup) by extensions ['ignore', 'ignore_ament_install']
[0.245s] Level 1:colcon.colcon_core.package_identification:_identify(src/micro_ros_setup) by extension 'ignore'
[0.246s] Level 1:colcon.colcon_core.package_identification:_identify(src/micro_ros_setup) by extension 'ignore_ament_install'
[0.246s] Level 1:colcon.colcon_core.package_identification:_identify(src/micro_ros_setup) by extensions ['colcon_pkg']
[0.246s] Level 1:colcon.colcon_core.package_identification:_identify(src/micro_ros_setup) by extension 'colcon_pkg'
[0.246s] Level 1:colcon.colcon_core.package_identification:_identify(src/micro_ros_setup) by extensions ['colcon_meta']
[0.246s] Level 1:colcon.colcon_core.package_identification:_identify(src/micro_ros_setup) by extension 'colcon_meta'
[0.246s] Level 1:colcon.colcon_core.package_identification:_identify(src/micro_ros_setup) by extensions ['ros']
[0.246s] Level 1:colcon.colcon_core.package_identification:_identify(src/micro_ros_setup) by extension 'ros'
[0.248s] DEBUG:colcon.colcon_core.package_identification:Package 'src/micro_ros_setup' with type 'ros.ament_cmake' and name 'micro_ros_setup'
[0.248s] Level 1:colcon.colcon_core.package_discovery:discover_packages(recursive) using defaults
[0.248s] Level 1:colcon.colcon_core.package_discovery:discover_packages(ignore) discover
[0.248s] Level 1:colcon.colcon_core.package_discovery:discover_packages(ignore) using defaults
[0.248s] Level 1:colcon.colcon_core.package_discovery:discover_packages(path) discover
[0.248s] Level 1:colcon.colcon_core.package_discovery:discover_packages(path) using defaults
[0.277s] Level 1:colcon.colcon_core.package_discovery:discover_packages(prefix_path) check parameters
[0.277s] Level 1:colcon.colcon_core.package_discovery:discover_packages(prefix_path) discover
[0.280s] DEBUG:colcon.colcon_installed_package_information.package_discovery:Found 386 installed packages in /opt/ros/humble
[0.282s] Level 1:colcon.colcon_core.package_discovery:discover_packages(prefix_path) using defaults
[0.327s] Level 5:colcon.colcon_core.verb:set package 'micro_ros_setup' build argument 'cmake_args' from command line to 'None'
[0.327s] Level 5:colcon.colcon_core.verb:set package 'micro_ros_setup' build argument 'cmake_target' from command line to 'None'
[0.327s] Level 5:colcon.colcon_core.verb:set package 'micro_ros_setup' build argument 'cmake_target_skip_unavailable' from command line to 'False'
[0.327s] Level 5:colcon.colcon_core.verb:set package 'micro_ros_setup' build argument 'cmake_clean_cache' from command line to 'False'
[0.327s] Level 5:colcon.colcon_core.verb:set package 'micro_ros_setup' build argument 'cmake_clean_first' from command line to 'False'
[0.327s] Level 5:colcon.colcon_core.verb:set package 'micro_ros_setup' build argument 'cmake_force_configure' from command line to 'False'
[0.327s] Level 5:colcon.colcon_core.verb:set package 'micro_ros_setup' build argument 'ament_cmake_args' from command line to 'None'
[0.327s] Level 5:colcon.colcon_core.verb:set package 'micro_ros_setup' build argument 'catkin_cmake_args' from command line to 'None'
[0.327s] Level 5:colcon.colcon_core.verb:set package 'micro_ros_setup' build argument 'catkin_skip_building_tests' from command line to 'False'
[0.327s] DEBUG:colcon.colcon_core.verb:Building package 'micro_ros_setup' with the following arguments: {'ament_cmake_args': None, 'build_base': '/home/diego/Ros2_esp32/build/micro_ros_setup', 'catkin_cmake_args': None, 'catkin_skip_building_tests': False, 'cmake_args': None, 'cmake_clean_cache': False, 'cmake_clean_first': False, 'cmake_force_configure': False, 'cmake_target': None, 'cmake_target_skip_unavailable': False, 'install_base': '/home/diego/Ros2_esp32/install/micro_ros_setup', 'merge_install': False, 'path': '/home/diego/Ros2_esp32/src/micro_ros_setup', 'symlink_install': False, 'test_result_base': None}
[0.327s] INFO:colcon.colcon_core.executor:Executing jobs using 'parallel' executor
[0.328s] DEBUG:colcon.colcon_parallel_executor.executor.parallel:run_until_complete
[0.328s] INFO:colcon.colcon_ros.task.ament_cmake.build:Building ROS package in '/home/diego/Ros2_esp32/src/micro_ros_setup' with build type 'ament_cmake'
[0.328s] INFO:colcon.colcon_cmake.task.cmake.build:Building CMake package in '/home/diego/Ros2_esp32/src/micro_ros_setup'
[0.330s] INFO:colcon.colcon_core.plugin_system:Skipping extension 'colcon_core.shell.bat': Not used on non-Windows systems
[0.330s] INFO:colcon.colcon_core.shell:Skip shell extension 'powershell' for command environment: Not usable outside of PowerShell
[0.330s] DEBUG:colcon.colcon_core.shell:Skip shell extension 'dsv' for command environment
[0.338s] DEBUG:colcon.colcon_core.event_handler.log_command:Invoking command in '/home/diego/Ros2_esp32/build/micro_ros_setup': CMAKE_PREFIX_PATH=/opt/ros/humble /usr/bin/cmake /home/diego/Ros2_esp32/src/micro_ros_setup -DCMAKE_INSTALL_PREFIX=/home/diego/Ros2_esp32/install/micro_ros_setup
[0.974s] DEBUG:colcon.colcon_core.event_handler.log_command:Invoked command in '/home/diego/Ros2_esp32/build/micro_ros_setup' returned '0': CMAKE_PREFIX_PATH=/opt/ros/humble /usr/bin/cmake /home/diego/Ros2_esp32/src/micro_ros_setup -DCMAKE_INSTALL_PREFIX=/home/diego/Ros2_esp32/install/micro_ros_setup
[0.976s] DEBUG:colcon.colcon_core.event_handler.log_command:Invoking command in '/home/diego/Ros2_esp32/build/micro_ros_setup': CMAKE_PREFIX_PATH=/opt/ros/humble /usr/bin/cmake --build /home/diego/Ros2_esp32/build/micro_ros_setup -- -j12 -l12
[1.015s] DEBUG:colcon.colcon_core.event_handler.log_command:Invoked command in '/home/diego/Ros2_esp32/build/micro_ros_setup' returned '0': CMAKE_PREFIX_PATH=/opt/ros/humble /usr/bin/cmake --build /home/diego/Ros2_esp32/build/micro_ros_setup -- -j12 -l12
[1.024s] DEBUG:colcon.colcon_core.event_handler.log_command:Invoking command in '/home/diego/Ros2_esp32/build/micro_ros_setup': CMAKE_PREFIX_PATH=/opt/ros/humble /usr/bin/cmake --install /home/diego/Ros2_esp32/build/micro_ros_setup
[1.056s] Level 1:colcon.colcon_core.environment:create_environment_scripts_only(micro_ros_setup)
[1.056s] DEBUG:colcon.colcon_core.event_handler.log_command:Invoked command in '/home/diego/Ros2_esp32/build/micro_ros_setup' returned '0': CMAKE_PREFIX_PATH=/opt/ros/humble /usr/bin/cmake --install /home/diego/Ros2_esp32/build/micro_ros_setup
[1.058s] Level 1:colcon.colcon_core.environment:checking '/home/diego/Ros2_esp32/install/micro_ros_setup' for CMake module files
[1.058s] Level 1:colcon.colcon_core.environment:checking '/home/diego/Ros2_esp32/install/micro_ros_setup' for CMake config files
[1.059s] Level 1:colcon.colcon_core.shell:create_environment_hook('micro_ros_setup', 'cmake_prefix_path')
[1.059s] INFO:colcon.colcon_core.shell:Creating environment hook '/home/diego/Ros2_esp32/install/micro_ros_setup/share/micro_ros_setup/hook/cmake_prefix_path.ps1'
[1.060s] INFO:colcon.colcon_core.shell:Creating environment descriptor '/home/diego/Ros2_esp32/install/micro_ros_setup/share/micro_ros_setup/hook/cmake_prefix_path.dsv'
[1.060s] INFO:colcon.colcon_core.shell:Creating environment hook '/home/diego/Ros2_esp32/install/micro_ros_setup/share/micro_ros_setup/hook/cmake_prefix_path.sh'
[1.061s] Level 1:colcon.colcon_core.environment:checking '/home/diego/Ros2_esp32/install/micro_ros_setup/lib'
[1.061s] Level 1:colcon.colcon_core.environment:checking '/home/diego/Ros2_esp32/install/micro_ros_setup/bin'
[1.061s] Level 1:colcon.colcon_core.environment:checking '/home/diego/Ros2_esp32/install/micro_ros_setup/lib/pkgconfig/micro_ros_setup.pc'
[1.061s] Level 1:colcon.colcon_core.environment:checking '/home/diego/Ros2_esp32/install/micro_ros_setup/lib/python3.10/site-packages'
[1.062s] Level 1:colcon.colcon_core.environment:checking '/home/diego/Ros2_esp32/install/micro_ros_setup/bin'
[1.062s] INFO:colcon.colcon_core.shell:Creating package script '/home/diego/Ros2_esp32/install/micro_ros_setup/share/micro_ros_setup/package.ps1'
[1.063s] INFO:colcon.colcon_core.shell:Creating package descriptor '/home/diego/Ros2_esp32/install/micro_ros_setup/share/micro_ros_setup/package.dsv'
[1.063s] INFO:colcon.colcon_core.shell:Creating package script '/home/diego/Ros2_esp32/install/micro_ros_setup/share/micro_ros_setup/package.sh'
[1.064s] INFO:colcon.colcon_core.shell:Creating package script '/home/diego/Ros2_esp32/install/micro_ros_setup/share/micro_ros_setup/package.bash'
[1.064s] INFO:colcon.colcon_core.shell:Creating package script '/home/diego/Ros2_esp32/install/micro_ros_setup/share/micro_ros_setup/package.zsh'
[1.065s] Level 1:colcon.colcon_core.environment:create_file_with_runtime_dependencies(/home/diego/Ros2_esp32/install/micro_ros_setup/share/colcon-core/packages/micro_ros_setup)
[1.065s] Level 1:colcon.colcon_core.environment:create_environment_scripts_only(micro_ros_setup)
[1.066s] Level 1:colcon.colcon_core.environment:checking '/home/diego/Ros2_esp32/install/micro_ros_setup' for CMake module files
[1.066s] Level 1:colcon.colcon_core.environment:checking '/home/diego/Ros2_esp32/install/micro_ros_setup' for CMake config files
[1.067s] Level 1:colcon.colcon_core.shell:create_environment_hook('micro_ros_setup', 'cmake_prefix_path')
[1.067s] INFO:colcon.colcon_core.shell:Creating environment hook '/home/diego/Ros2_esp32/install/micro_ros_setup/share/micro_ros_setup/hook/cmake_prefix_path.ps1'
[1.067s] INFO:colcon.colcon_core.shell:Creating environment descriptor '/home/diego/Ros2_esp32/install/micro_ros_setup/share/micro_ros_setup/hook/cmake_prefix_path.dsv'
[1.067s] INFO:colcon.colcon_core.shell:Creating environment hook '/home/diego/Ros2_esp32/install/micro_ros_setup/share/micro_ros_setup/hook/cmake_prefix_path.sh'
[1.068s] Level 1:colcon.colcon_core.environment:checking '/home/diego/Ros2_esp32/install/micro_ros_setup/lib'
[1.068s] Level 1:colcon.colcon_core.environment:checking '/home/diego/Ros2_esp32/install/micro_ros_setup/bin'
[1.068s] Level 1:colcon.colcon_core.environment:checking '/home/diego/Ros2_esp32/install/micro_ros_setup/lib/pkgconfig/micro_ros_setup.pc'
[1.068s] Level 1:colcon.colcon_core.environment:checking '/home/diego/Ros2_esp32/install/micro_ros_setup/lib/python3.10/site-packages'
[1.068s] Level 1:colcon.colcon_core.environment:checking '/home/diego/Ros2_esp32/install/micro_ros_setup/bin'
[1.069s] INFO:colcon.colcon_core.shell:Creating package script '/home/diego/Ros2_esp32/install/micro_ros_setup/share/micro_ros_setup/package.ps1'
[1.069s] INFO:colcon.colcon_core.shell:Creating package descriptor '/home/diego/Ros2_esp32/install/micro_ros_setup/share/micro_ros_setup/package.dsv'
[1.070s] INFO:colcon.colcon_core.shell:Creating package script '/home/diego/Ros2_esp32/install/micro_ros_setup/share/micro_ros_setup/package.sh'
[1.070s] INFO:colcon.colcon_core.shell:Creating package script '/home/diego/Ros2_esp32/install/micro_ros_setup/share/micro_ros_setup/package.bash'
[1.070s] INFO:colcon.colcon_core.shell:Creating package script '/home/diego/Ros2_esp32/install/micro_ros_setup/share/micro_ros_setup/package.zsh'
[1.070s] Level 1:colcon.colcon_core.environment:create_file_with_runtime_dependencies(/home/diego/Ros2_esp32/install/micro_ros_setup/share/colcon-core/packages/micro_ros_setup)
[1.071s] DEBUG:colcon.colcon_parallel_executor.executor.parallel:closing loop
[1.071s] DEBUG:colcon.colcon_parallel_executor.executor.parallel:loop closed
[1.071s] DEBUG:colcon.colcon_parallel_executor.executor.parallel:run_until_complete finished with '0'
[1.071s] DEBUG:colcon.colcon_core.event_reactor:joining thread
[1.075s] INFO:colcon.colcon_core.plugin_system:Skipping extension 'colcon_notification.desktop_notification.terminal_notifier': Not used on non-Darwin systems
[1.075s] INFO:colcon.colcon_core.plugin_system:Skipping extension 'colcon_notification.desktop_notification.win32': Not used on non-Windows systems
[1.075s] INFO:colcon.colcon_notification.desktop_notification:Sending desktop notification using 'notify2'
[1.084s] DEBUG:colcon.colcon_core.event_reactor:joined thread
[1.084s] INFO:colcon.colcon_core.shell:Creating prefix script '/home/diego/Ros2_esp32/install/local_setup.ps1'
[1.085s] INFO:colcon.colcon_core.shell:Creating prefix util module '/home/diego/Ros2_esp32/install/_local_setup_util_ps1.py'
[1.087s] INFO:colcon.colcon_core.shell:Creating prefix chain script '/home/diego/Ros2_esp32/install/setup.ps1'
[1.088s] INFO:colcon.colcon_core.shell:Creating prefix script '/home/diego/Ros2_esp32/install/local_setup.sh'
[1.088s] INFO:colcon.colcon_core.shell:Creating prefix util module '/home/diego/Ros2_esp32/install/_local_setup_util_sh.py'
[1.088s] INFO:colcon.colcon_core.shell:Creating prefix chain script '/home/diego/Ros2_esp32/install/setup.sh'
[1.089s] INFO:colcon.colcon_core.shell:Creating prefix script '/home/diego/Ros2_esp32/install/local_setup.bash'
[1.090s] INFO:colcon.colcon_core.shell:Creating prefix chain script '/home/diego/Ros2_esp32/install/setup.bash'
[1.090s] INFO:colcon.colcon_core.shell:Creating prefix script '/home/diego/Ros2_esp32/install/local_setup.zsh'
[1.091s] INFO:colcon.colcon_core.shell:Creating prefix chain script '/home/diego/Ros2_esp32/install/setup.zsh'
