[0.012s] Invoking command in '/home/diego/uros_ws/build/micro_ros_msgs': CMAKE_PREFIX_PATH=${CMAKE_PREFIX_PATH}:/opt/ros/humble /usr/bin/cmake /home/diego/uros_ws/src/uros/micro_ros_msgs -DUAGENT_BUILD_EXECUTABLE=OFF -DUAGENT_P2P_PROFILE=OFF --no-warn-unused-cli -DCMAKE_INSTALL_PREFIX=/home/diego/uros_ws/install/micro_ros_msgs
[0.019s] Not searching for unused variables given on the command line.
[0.066s] -- The C compiler identification is GNU 11.4.0
[0.121s] -- The CXX compiler identification is GNU 11.4.0
[0.129s] -- Detecting C compiler ABI info
[0.197s] -- Detecting C compiler ABI info - done
[0.204s] -- Check for working C compiler: /usr/bin/cc - skipped
[0.204s] -- Detecting C compile features
[0.205s] -- Detecting C compile features - done
[0.208s] -- Detecting CXX compiler ABI info
[0.287s] -- Detecting CXX compiler ABI info - done
[0.294s] -- Check for working CXX compiler: /usr/bin/c++ - skipped
[0.294s] -- Detecting CXX compile features
[0.294s] -- Detecting CXX compile features - done
[0.297s] -- Found ament_cmake: 1.3.14 (/opt/ros/humble/share/ament_cmake/cmake)
[0.614s] -- Found Python3: /home/diego/.espressif/python_env/idf5.5_py3.10_env/bin/python3 (found version "3.10.12") found components: Interpreter 
[0.715s] -- Found rosidl_default_generators: 1.2.1 (/opt/ros/humble/share/rosidl_default_generators/cmake)
[0.722s] -- Using all available rosidl_typesupport_c: rosidl_typesupport_fastrtps_c;rosidl_typesupport_introspection_c
[0.732s] -- Found rosidl_adapter: 3.1.9 (/opt/ros/humble/share/rosidl_adapter/cmake)
[0.786s] -- Using all available rosidl_typesupport_cpp: rosidl_typesupport_fastrtps_cpp;rosidl_typesupport_introspection_cpp
[0.835s] -- Found ament_lint_auto: 0.12.15 (/opt/ros/humble/share/ament_lint_auto/cmake)
[1.107s] -- Found ament_cmake_ros: 0.10.0 (/opt/ros/humble/share/ament_cmake_ros/cmake)
[1.267s] -- Using all available rosidl_typesupport_c: rosidl_typesupport_fastrtps_c;rosidl_typesupport_introspection_c
[1.478s] -- Using all available rosidl_typesupport_cpp: rosidl_typesupport_fastrtps_cpp;rosidl_typesupport_introspection_cpp
[1.497s] -- Found PythonInterp: /home/diego/.espressif/python_env/idf5.5_py3.10_env/bin/python3 (found suitable version "3.10.12", minimum required is "3.6") 
[1.500s] -- Found python_cmake_module: 0.10.0 (/opt/ros/humble/share/python_cmake_module/cmake)
[1.522s] -- Found PythonLibs: /usr/lib/x86_64-linux-gnu/libpython3.10.so (found suitable version "3.10.12", minimum required is "3.5") 
[1.522s] -- Using PYTHON_EXECUTABLE: /home/diego/.espressif/python_env/idf5.5_py3.10_env/bin/python3
[1.522s] -- Using PYTHON_INCLUDE_DIRS: /usr/include/python3.10
[1.523s] -- Using PYTHON_LIBRARIES: /usr/lib/x86_64-linux-gnu/libpython3.10.so
[1.539s] -- Found PythonExtra: .so  
[1.626s] -- Added test 'copyright' to check source files copyright and LICENSE
[1.635s] -- Added test 'lint_cmake' to check CMake code style
[1.640s] -- Added test 'xmllint' to check XML markup files
[1.647s] -- Configuring done
[1.681s] -- Generating done
[1.691s] -- Build files have been written to: /home/diego/uros_ws/build/micro_ros_msgs
[1.699s] Invoked command in '/home/diego/uros_ws/build/micro_ros_msgs' returned '0': CMAKE_PREFIX_PATH=${CMAKE_PREFIX_PATH}:/opt/ros/humble /usr/bin/cmake /home/diego/uros_ws/src/uros/micro_ros_msgs -DUAGENT_BUILD_EXECUTABLE=OFF -DUAGENT_P2P_PROFILE=OFF --no-warn-unused-cli -DCMAKE_INSTALL_PREFIX=/home/diego/uros_ws/install/micro_ros_msgs
[1.701s] Invoking command in '/home/diego/uros_ws/build/micro_ros_msgs': CMAKE_PREFIX_PATH=${CMAKE_PREFIX_PATH}:/opt/ros/humble /usr/bin/cmake --build /home/diego/uros_ws/build/micro_ros_msgs -- -j12 -l12
[1.741s] [  2%] [34m[1mGenerating C code for ROS interfaces[0m
[1.752s] [  4%] [34m[1mGenerating Rust code for ROS interfaces[0m
[1.752s] [  6%] [34m[1mGenerating C++ code for ROS interfaces[0m
[1.761s] [  6%] Built target ament_cmake_python_copy_micro_ros_msgs
[1.948s] running egg_info
[1.960s] creating micro_ros_msgs.egg-info
[1.960s] writing micro_ros_msgs.egg-info/PKG-INFO
[1.960s] writing dependency_links to micro_ros_msgs.egg-info/dependency_links.txt
[1.961s] writing top-level names to micro_ros_msgs.egg-info/top_level.txt
[1.961s] writing manifest file 'micro_ros_msgs.egg-info/SOURCES.txt'
[1.998s] reading manifest file 'micro_ros_msgs.egg-info/SOURCES.txt'
[1.999s] writing manifest file 'micro_ros_msgs.egg-info/SOURCES.txt'
[2.046s] [  6%] Built target ament_cmake_python_build_micro_ros_msgs_egg
[2.047s] [  6%] Built target micro_ros_msgs__rs
[2.145s] [  6%] Built target micro_ros_msgs__cpp
[2.148s] [ 12%] [32mBuilding C object CMakeFiles/micro_ros_msgs__rosidl_generator_c.dir/rosidl_generator_c/micro_ros_msgs/msg/detail/graph__functions.c.o[0m
[2.148s] [ 12%] [32mBuilding C object CMakeFiles/micro_ros_msgs__rosidl_generator_c.dir/rosidl_generator_c/micro_ros_msgs/msg/detail/entity__functions.c.o[0m
[2.148s] [ 12%] [32mBuilding C object CMakeFiles/micro_ros_msgs__rosidl_generator_c.dir/rosidl_generator_c/micro_ros_msgs/msg/detail/node__functions.c.o[0m
[2.157s] [ 18%] [34m[1mGenerating C++ type support dispatch for ROS interfaces[0m
[2.157s] [ 18%] [34m[1mGenerating C++ introspection for ROS interfaces[0m
[2.157s] [ 18%] [34m[1mGenerating C++ type support for eProsima Fast-RTPS[0m
[2.199s] [ 20%] [32m[1mLinking C shared library libmicro_ros_msgs__rosidl_generator_c.so[0m
[2.239s] [ 20%] Built target micro_ros_msgs__rosidl_generator_c
[2.250s] [ 27%] [34m[1mGenerating C introspection for ROS interfaces[0m
[2.250s] [ 27%] [34m[1mGenerating C type support for eProsima Fast-RTPS[0m
[2.250s] [ 27%] [34m[1mGenerating C type support dispatch for ROS interfaces[0m
[2.481s] [ 29%] [32mBuilding CXX object CMakeFiles/micro_ros_msgs__rosidl_typesupport_cpp.dir/rosidl_typesupport_cpp/micro_ros_msgs/msg/graph__type_support.cpp.o[0m
[2.483s] [ 31%] [32mBuilding CXX object CMakeFiles/micro_ros_msgs__rosidl_typesupport_cpp.dir/rosidl_typesupport_cpp/micro_ros_msgs/msg/entity__type_support.cpp.o[0m
[2.487s] [ 33%] [32mBuilding CXX object CMakeFiles/micro_ros_msgs__rosidl_typesupport_cpp.dir/rosidl_typesupport_cpp/micro_ros_msgs/msg/node__type_support.cpp.o[0m
[2.530s] [ 35%] [32mBuilding CXX object CMakeFiles/micro_ros_msgs__rosidl_typesupport_introspection_cpp.dir/rosidl_typesupport_introspection_cpp/micro_ros_msgs/msg/detail/entity__type_support.cpp.o[0m
[2.533s] [ 37%] [32mBuilding CXX object CMakeFiles/micro_ros_msgs__rosidl_typesupport_introspection_cpp.dir/rosidl_typesupport_introspection_cpp/micro_ros_msgs/msg/detail/node__type_support.cpp.o[0m
[2.533s] [ 39%] [32mBuilding CXX object CMakeFiles/micro_ros_msgs__rosidl_typesupport_introspection_cpp.dir/rosidl_typesupport_introspection_cpp/micro_ros_msgs/msg/detail/graph__type_support.cpp.o[0m
[2.552s] [ 43%] [32mBuilding CXX object CMakeFiles/micro_ros_msgs__rosidl_typesupport_fastrtps_cpp.dir/rosidl_typesupport_fastrtps_cpp/micro_ros_msgs/msg/detail/dds_fastrtps/graph__type_support.cpp.o[0m
[2.552s] [ 43%] [32mBuilding CXX object CMakeFiles/micro_ros_msgs__rosidl_typesupport_fastrtps_cpp.dir/rosidl_typesupport_fastrtps_cpp/micro_ros_msgs/msg/detail/dds_fastrtps/node__type_support.cpp.o[0m
[2.554s] [ 45%] [32mBuilding CXX object CMakeFiles/micro_ros_msgs__rosidl_typesupport_fastrtps_cpp.dir/rosidl_typesupport_fastrtps_cpp/micro_ros_msgs/msg/detail/dds_fastrtps/entity__type_support.cpp.o[0m
[2.613s] [ 47%] [32mBuilding CXX object CMakeFiles/micro_ros_msgs__rosidl_typesupport_c.dir/rosidl_typesupport_c/micro_ros_msgs/msg/graph__type_support.cpp.o[0m
[2.665s] [ 50%] [32mBuilding CXX object CMakeFiles/micro_ros_msgs__rosidl_typesupport_c.dir/rosidl_typesupport_c/micro_ros_msgs/msg/node__type_support.cpp.o[0m
[2.709s] [ 52%] [32mBuilding CXX object CMakeFiles/micro_ros_msgs__rosidl_typesupport_c.dir/rosidl_typesupport_c/micro_ros_msgs/msg/entity__type_support.cpp.o[0m
[2.750s] [ 54%] [32mBuilding C object CMakeFiles/micro_ros_msgs__rosidl_typesupport_introspection_c.dir/rosidl_typesupport_introspection_c/micro_ros_msgs/msg/detail/graph__type_support.c.o[0m
[2.756s] [ 56%] [32mBuilding CXX object CMakeFiles/micro_ros_msgs__rosidl_typesupport_fastrtps_c.dir/rosidl_typesupport_fastrtps_c/micro_ros_msgs/msg/detail/graph__type_support_c.cpp.o[0m
[2.765s] [ 58%] [32m[1mLinking CXX shared library libmicro_ros_msgs__rosidl_typesupport_c.so[0m
[2.831s] [ 60%] [32mBuilding C object CMakeFiles/micro_ros_msgs__rosidl_typesupport_introspection_c.dir/rosidl_typesupport_introspection_c/micro_ros_msgs/msg/detail/node__type_support.c.o[0m
[2.844s] [ 60%] Built target micro_ros_msgs__rosidl_typesupport_c
[2.860s] [ 62%] [32mBuilding CXX object CMakeFiles/micro_ros_msgs__rosidl_typesupport_fastrtps_c.dir/rosidl_typesupport_fastrtps_c/micro_ros_msgs/msg/detail/node__type_support_c.cpp.o[0m
[2.873s] [ 64%] [32mBuilding C object CMakeFiles/micro_ros_msgs__rosidl_typesupport_introspection_c.dir/rosidl_typesupport_introspection_c/micro_ros_msgs/msg/detail/entity__type_support.c.o[0m
[2.898s] [ 66%] [32mBuilding CXX object CMakeFiles/micro_ros_msgs__rosidl_typesupport_fastrtps_c.dir/rosidl_typesupport_fastrtps_c/micro_ros_msgs/msg/detail/entity__type_support_c.cpp.o[0m
[2.936s] [ 68%] [32m[1mLinking C shared library libmicro_ros_msgs__rosidl_typesupport_introspection_c.so[0m
[2.987s] [ 70%] [32m[1mLinking CXX shared library libmicro_ros_msgs__rosidl_typesupport_cpp.so[0m
[3.000s] [ 70%] Built target micro_ros_msgs__rosidl_typesupport_introspection_c
[3.061s] [ 70%] Built target micro_ros_msgs__rosidl_typesupport_cpp
[3.219s] [ 72%] [32m[1mLinking CXX shared library libmicro_ros_msgs__rosidl_typesupport_fastrtps_cpp.so[0m
[3.233s] [ 75%] [32m[1mLinking CXX shared library libmicro_ros_msgs__rosidl_typesupport_introspection_cpp.so[0m
[3.326s] [ 77%] [32m[1mLinking CXX shared library libmicro_ros_msgs__rosidl_typesupport_fastrtps_c.so[0m
[3.330s] [ 77%] Built target micro_ros_msgs__rosidl_typesupport_fastrtps_cpp
[3.344s] [ 77%] Built target micro_ros_msgs__rosidl_typesupport_introspection_cpp
[3.417s] [ 77%] Built target micro_ros_msgs__rosidl_typesupport_fastrtps_c
[3.437s] [ 77%] Built target micro_ros_msgs
[3.458s] [ 79%] [34m[1mGenerating Python code for ROS interfaces[0m
[3.954s] [ 79%] Built target micro_ros_msgs__py
[3.975s] [ 83%] [32mBuilding C object CMakeFiles/micro_ros_msgs__rosidl_generator_py.dir/rosidl_generator_py/micro_ros_msgs/msg/_entity_s.c.o[0m
[3.975s] [ 83%] [32mBuilding C object CMakeFiles/micro_ros_msgs__rosidl_generator_py.dir/rosidl_generator_py/micro_ros_msgs/msg/_graph_s.c.o[0m
[3.976s] [ 85%] [32mBuilding C object CMakeFiles/micro_ros_msgs__rosidl_generator_py.dir/rosidl_generator_py/micro_ros_msgs/msg/_node_s.c.o[0m
[4.087s] [ 87%] [32m[1mLinking C shared library rosidl_generator_py/micro_ros_msgs/libmicro_ros_msgs__rosidl_generator_py.so[0m
[4.128s] [ 87%] Built target micro_ros_msgs__rosidl_generator_py
[4.149s] [ 93%] [32mBuilding C object CMakeFiles/micro_ros_msgs__rosidl_typesupport_c__pyext.dir/rosidl_generator_py/micro_ros_msgs/_micro_ros_msgs_s.ep.rosidl_typesupport_c.c.o[0m
[4.150s] [ 93%] [32mBuilding C object CMakeFiles/micro_ros_msgs__rosidl_typesupport_fastrtps_c__pyext.dir/rosidl_generator_py/micro_ros_msgs/_micro_ros_msgs_s.ep.rosidl_typesupport_fastrtps_c.c.o[0m
[4.150s] [ 93%] [32mBuilding C object CMakeFiles/micro_ros_msgs__rosidl_typesupport_introspection_c__pyext.dir/rosidl_generator_py/micro_ros_msgs/_micro_ros_msgs_s.ep.rosidl_typesupport_introspection_c.c.o[0m
[4.246s] [100%] [32m[1mLinking C shared library rosidl_generator_py/micro_ros_msgs/micro_ros_msgs_s__rosidl_typesupport_introspection_c.cpython-310-x86_64-linux-gnu.so[0m
[4.246s] [100%] [32m[1mLinking C shared library rosidl_generator_py/micro_ros_msgs/micro_ros_msgs_s__rosidl_typesupport_c.cpython-310-x86_64-linux-gnu.so[0m
[4.246s] [100%] [32m[1mLinking C shared library rosidl_generator_py/micro_ros_msgs/micro_ros_msgs_s__rosidl_typesupport_fastrtps_c.cpython-310-x86_64-linux-gnu.so[0m
[4.282s] [100%] Built target micro_ros_msgs__rosidl_typesupport_c__pyext
[4.282s] [100%] Built target micro_ros_msgs__rosidl_typesupport_fastrtps_c__pyext
[4.282s] [100%] Built target micro_ros_msgs__rosidl_typesupport_introspection_c__pyext
[4.295s] Invoked command in '/home/diego/uros_ws/build/micro_ros_msgs' returned '0': CMAKE_PREFIX_PATH=${CMAKE_PREFIX_PATH}:/opt/ros/humble /usr/bin/cmake --build /home/diego/uros_ws/build/micro_ros_msgs -- -j12 -l12
[4.305s] Invoking command in '/home/diego/uros_ws/build/micro_ros_msgs': CMAKE_PREFIX_PATH=${CMAKE_PREFIX_PATH}:/opt/ros/humble /usr/bin/cmake --install /home/diego/uros_ws/build/micro_ros_msgs
[4.313s] -- Install configuration: ""
[4.313s] -- Installing: /home/diego/uros_ws/install/micro_ros_msgs/share/ament_index/resource_index/rosidl_interfaces/micro_ros_msgs
[4.313s] -- Installing: /home/diego/uros_ws/install/micro_ros_msgs/include/micro_ros_msgs/micro_ros_msgs
[4.314s] -- Installing: /home/diego/uros_ws/install/micro_ros_msgs/include/micro_ros_msgs/micro_ros_msgs/msg
[4.314s] -- Installing: /home/diego/uros_ws/install/micro_ros_msgs/include/micro_ros_msgs/micro_ros_msgs/msg/detail
[4.314s] -- Installing: /home/diego/uros_ws/install/micro_ros_msgs/include/micro_ros_msgs/micro_ros_msgs/msg/detail/graph__functions.c
[4.314s] -- Installing: /home/diego/uros_ws/install/micro_ros_msgs/include/micro_ros_msgs/micro_ros_msgs/msg/detail/entity__functions.c
[4.314s] -- Installing: /home/diego/uros_ws/install/micro_ros_msgs/include/micro_ros_msgs/micro_ros_msgs/msg/detail/node__type_support.h
[4.314s] -- Installing: /home/diego/uros_ws/install/micro_ros_msgs/include/micro_ros_msgs/micro_ros_msgs/msg/detail/graph__type_support.h
[4.314s] -- Installing: /home/diego/uros_ws/install/micro_ros_msgs/include/micro_ros_msgs/micro_ros_msgs/msg/detail/entity__struct.h
[4.314s] -- Installing: /home/diego/uros_ws/install/micro_ros_msgs/include/micro_ros_msgs/micro_ros_msgs/msg/detail/graph__struct.h
[4.314s] -- Installing: /home/diego/uros_ws/install/micro_ros_msgs/include/micro_ros_msgs/micro_ros_msgs/msg/detail/node__functions.h
[4.315s] -- Installing: /home/diego/uros_ws/install/micro_ros_msgs/include/micro_ros_msgs/micro_ros_msgs/msg/detail/graph__functions.h
[4.315s] -- Installing: /home/diego/uros_ws/install/micro_ros_msgs/include/micro_ros_msgs/micro_ros_msgs/msg/detail/entity__functions.h
[4.315s] -- Installing: /home/diego/uros_ws/install/micro_ros_msgs/include/micro_ros_msgs/micro_ros_msgs/msg/detail/entity__type_support.h
[4.315s] -- Installing: /home/diego/uros_ws/install/micro_ros_msgs/include/micro_ros_msgs/micro_ros_msgs/msg/detail/node__struct.h
[4.315s] -- Installing: /home/diego/uros_ws/install/micro_ros_msgs/include/micro_ros_msgs/micro_ros_msgs/msg/detail/node__functions.c
[4.315s] -- Installing: /home/diego/uros_ws/install/micro_ros_msgs/include/micro_ros_msgs/micro_ros_msgs/msg/node.h
[4.315s] -- Installing: /home/diego/uros_ws/install/micro_ros_msgs/include/micro_ros_msgs/micro_ros_msgs/msg/rosidl_generator_c__visibility_control.h
[4.315s] -- Installing: /home/diego/uros_ws/install/micro_ros_msgs/include/micro_ros_msgs/micro_ros_msgs/msg/entity.h
[4.316s] -- Installing: /home/diego/uros_ws/install/micro_ros_msgs/include/micro_ros_msgs/micro_ros_msgs/msg/graph.h
[4.316s] -- Installing: /home/diego/uros_ws/install/micro_ros_msgs/share/micro_ros_msgs/environment/library_path.sh
[4.316s] -- Installing: /home/diego/uros_ws/install/micro_ros_msgs/share/micro_ros_msgs/environment/library_path.dsv
[4.316s] -- Installing: /home/diego/uros_ws/install/micro_ros_msgs/lib/libmicro_ros_msgs__rosidl_generator_c.so
[4.317s] -- Set runtime path of "/home/diego/uros_ws/install/micro_ros_msgs/lib/libmicro_ros_msgs__rosidl_generator_c.so" to ""
[4.317s] -- Up-to-date: /home/diego/uros_ws/install/micro_ros_msgs/include/micro_ros_msgs/micro_ros_msgs
[4.317s] -- Up-to-date: /home/diego/uros_ws/install/micro_ros_msgs/include/micro_ros_msgs/micro_ros_msgs/msg
[4.317s] -- Up-to-date: /home/diego/uros_ws/install/micro_ros_msgs/include/micro_ros_msgs/micro_ros_msgs/msg/detail
[4.317s] -- Installing: /home/diego/uros_ws/install/micro_ros_msgs/include/micro_ros_msgs/micro_ros_msgs/msg/detail/graph__rosidl_typesupport_fastrtps_c.h
[4.317s] -- Installing: /home/diego/uros_ws/install/micro_ros_msgs/include/micro_ros_msgs/micro_ros_msgs/msg/detail/entity__rosidl_typesupport_fastrtps_c.h
[4.317s] -- Installing: /home/diego/uros_ws/install/micro_ros_msgs/include/micro_ros_msgs/micro_ros_msgs/msg/detail/node__rosidl_typesupport_fastrtps_c.h
[4.317s] -- Installing: /home/diego/uros_ws/install/micro_ros_msgs/include/micro_ros_msgs/micro_ros_msgs/msg/rosidl_typesupport_fastrtps_c__visibility_control.h
[4.317s] -- Installing: /home/diego/uros_ws/install/micro_ros_msgs/lib/libmicro_ros_msgs__rosidl_typesupport_fastrtps_c.so
[4.318s] -- Set runtime path of "/home/diego/uros_ws/install/micro_ros_msgs/lib/libmicro_ros_msgs__rosidl_typesupport_fastrtps_c.so" to ""
[4.318s] -- Up-to-date: /home/diego/uros_ws/install/micro_ros_msgs/include/micro_ros_msgs/micro_ros_msgs
[4.318s] -- Up-to-date: /home/diego/uros_ws/install/micro_ros_msgs/include/micro_ros_msgs/micro_ros_msgs/msg
[4.318s] -- Up-to-date: /home/diego/uros_ws/install/micro_ros_msgs/include/micro_ros_msgs/micro_ros_msgs/msg/detail
[4.318s] -- Installing: /home/diego/uros_ws/install/micro_ros_msgs/include/micro_ros_msgs/micro_ros_msgs/msg/detail/node__rosidl_typesupport_introspection_c.h
[4.318s] -- Installing: /home/diego/uros_ws/install/micro_ros_msgs/include/micro_ros_msgs/micro_ros_msgs/msg/detail/graph__type_support.c
[4.318s] -- Installing: /home/diego/uros_ws/install/micro_ros_msgs/include/micro_ros_msgs/micro_ros_msgs/msg/detail/entity__rosidl_typesupport_introspection_c.h
[4.318s] -- Installing: /home/diego/uros_ws/install/micro_ros_msgs/include/micro_ros_msgs/micro_ros_msgs/msg/detail/entity__type_support.c
[4.318s] -- Installing: /home/diego/uros_ws/install/micro_ros_msgs/include/micro_ros_msgs/micro_ros_msgs/msg/detail/graph__rosidl_typesupport_introspection_c.h
[4.319s] -- Installing: /home/diego/uros_ws/install/micro_ros_msgs/include/micro_ros_msgs/micro_ros_msgs/msg/detail/node__type_support.c
[4.319s] -- Installing: /home/diego/uros_ws/install/micro_ros_msgs/include/micro_ros_msgs/micro_ros_msgs/msg/rosidl_typesupport_introspection_c__visibility_control.h
[4.319s] -- Installing: /home/diego/uros_ws/install/micro_ros_msgs/lib/libmicro_ros_msgs__rosidl_typesupport_introspection_c.so
[4.319s] -- Set runtime path of "/home/diego/uros_ws/install/micro_ros_msgs/lib/libmicro_ros_msgs__rosidl_typesupport_introspection_c.so" to ""
[4.319s] -- Installing: /home/diego/uros_ws/install/micro_ros_msgs/lib/libmicro_ros_msgs__rosidl_typesupport_c.so
[4.320s] -- Set runtime path of "/home/diego/uros_ws/install/micro_ros_msgs/lib/libmicro_ros_msgs__rosidl_typesupport_c.so" to ""
[4.320s] -- Up-to-date: /home/diego/uros_ws/install/micro_ros_msgs/include/micro_ros_msgs/micro_ros_msgs
[4.320s] -- Up-to-date: /home/diego/uros_ws/install/micro_ros_msgs/include/micro_ros_msgs/micro_ros_msgs/msg
[4.320s] -- Up-to-date: /home/diego/uros_ws/install/micro_ros_msgs/include/micro_ros_msgs/micro_ros_msgs/msg/detail
[4.320s] -- Installing: /home/diego/uros_ws/install/micro_ros_msgs/include/micro_ros_msgs/micro_ros_msgs/msg/detail/node__type_support.hpp
[4.320s] -- Installing: /home/diego/uros_ws/install/micro_ros_msgs/include/micro_ros_msgs/micro_ros_msgs/msg/detail/node__builder.hpp
[4.320s] -- Installing: /home/diego/uros_ws/install/micro_ros_msgs/include/micro_ros_msgs/micro_ros_msgs/msg/detail/graph__traits.hpp
[4.320s] -- Installing: /home/diego/uros_ws/install/micro_ros_msgs/include/micro_ros_msgs/micro_ros_msgs/msg/detail/entity__struct.hpp
[4.320s] -- Installing: /home/diego/uros_ws/install/micro_ros_msgs/include/micro_ros_msgs/micro_ros_msgs/msg/detail/graph__struct.hpp
[4.320s] -- Installing: /home/diego/uros_ws/install/micro_ros_msgs/include/micro_ros_msgs/micro_ros_msgs/msg/detail/entity__builder.hpp
[4.321s] -- Installing: /home/diego/uros_ws/install/micro_ros_msgs/include/micro_ros_msgs/micro_ros_msgs/msg/detail/entity__traits.hpp
[4.321s] -- Installing: /home/diego/uros_ws/install/micro_ros_msgs/include/micro_ros_msgs/micro_ros_msgs/msg/detail/graph__type_support.hpp
[4.321s] -- Installing: /home/diego/uros_ws/install/micro_ros_msgs/include/micro_ros_msgs/micro_ros_msgs/msg/detail/graph__builder.hpp
[4.321s] -- Installing: /home/diego/uros_ws/install/micro_ros_msgs/include/micro_ros_msgs/micro_ros_msgs/msg/detail/node__traits.hpp
[4.321s] -- Installing: /home/diego/uros_ws/install/micro_ros_msgs/include/micro_ros_msgs/micro_ros_msgs/msg/detail/entity__type_support.hpp
[4.321s] -- Installing: /home/diego/uros_ws/install/micro_ros_msgs/include/micro_ros_msgs/micro_ros_msgs/msg/detail/node__struct.hpp
[4.321s] -- Installing: /home/diego/uros_ws/install/micro_ros_msgs/include/micro_ros_msgs/micro_ros_msgs/msg/entity.hpp
[4.321s] -- Installing: /home/diego/uros_ws/install/micro_ros_msgs/include/micro_ros_msgs/micro_ros_msgs/msg/graph.hpp
[4.322s] -- Installing: /home/diego/uros_ws/install/micro_ros_msgs/include/micro_ros_msgs/micro_ros_msgs/msg/node.hpp
[4.322s] -- Installing: /home/diego/uros_ws/install/micro_ros_msgs/include/micro_ros_msgs/micro_ros_msgs/msg/rosidl_generator_cpp__visibility_control.hpp
[4.322s] -- Up-to-date: /home/diego/uros_ws/install/micro_ros_msgs/include/micro_ros_msgs/micro_ros_msgs
[4.322s] -- Up-to-date: /home/diego/uros_ws/install/micro_ros_msgs/include/micro_ros_msgs/micro_ros_msgs/msg
[4.322s] -- Up-to-date: /home/diego/uros_ws/install/micro_ros_msgs/include/micro_ros_msgs/micro_ros_msgs/msg/detail
[4.322s] -- Installing: /home/diego/uros_ws/install/micro_ros_msgs/include/micro_ros_msgs/micro_ros_msgs/msg/detail/node__rosidl_typesupport_fastrtps_cpp.hpp
[4.322s] -- Installing: /home/diego/uros_ws/install/micro_ros_msgs/include/micro_ros_msgs/micro_ros_msgs/msg/detail/graph__rosidl_typesupport_fastrtps_cpp.hpp
[4.322s] -- Installing: /home/diego/uros_ws/install/micro_ros_msgs/include/micro_ros_msgs/micro_ros_msgs/msg/detail/dds_fastrtps
[4.322s] -- Installing: /home/diego/uros_ws/install/micro_ros_msgs/include/micro_ros_msgs/micro_ros_msgs/msg/detail/entity__rosidl_typesupport_fastrtps_cpp.hpp
[4.322s] -- Installing: /home/diego/uros_ws/install/micro_ros_msgs/include/micro_ros_msgs/micro_ros_msgs/msg/rosidl_typesupport_fastrtps_cpp__visibility_control.h
[4.323s] -- Installing: /home/diego/uros_ws/install/micro_ros_msgs/lib/libmicro_ros_msgs__rosidl_typesupport_fastrtps_cpp.so
[4.323s] -- Set runtime path of "/home/diego/uros_ws/install/micro_ros_msgs/lib/libmicro_ros_msgs__rosidl_typesupport_fastrtps_cpp.so" to ""
[4.323s] -- Up-to-date: /home/diego/uros_ws/install/micro_ros_msgs/include/micro_ros_msgs/micro_ros_msgs
[4.323s] -- Up-to-date: /home/diego/uros_ws/install/micro_ros_msgs/include/micro_ros_msgs/micro_ros_msgs/msg
[4.323s] -- Up-to-date: /home/diego/uros_ws/install/micro_ros_msgs/include/micro_ros_msgs/micro_ros_msgs/msg/detail
[4.323s] -- Installing: /home/diego/uros_ws/install/micro_ros_msgs/include/micro_ros_msgs/micro_ros_msgs/msg/detail/graph__rosidl_typesupport_introspection_cpp.hpp
[4.323s] -- Installing: /home/diego/uros_ws/install/micro_ros_msgs/include/micro_ros_msgs/micro_ros_msgs/msg/detail/node__type_support.cpp
[4.324s] -- Installing: /home/diego/uros_ws/install/micro_ros_msgs/include/micro_ros_msgs/micro_ros_msgs/msg/detail/entity__rosidl_typesupport_introspection_cpp.hpp
[4.324s] -- Installing: /home/diego/uros_ws/install/micro_ros_msgs/include/micro_ros_msgs/micro_ros_msgs/msg/detail/entity__type_support.cpp
[4.324s] -- Installing: /home/diego/uros_ws/install/micro_ros_msgs/include/micro_ros_msgs/micro_ros_msgs/msg/detail/graph__type_support.cpp
[4.324s] -- Installing: /home/diego/uros_ws/install/micro_ros_msgs/include/micro_ros_msgs/micro_ros_msgs/msg/detail/node__rosidl_typesupport_introspection_cpp.hpp
[4.324s] -- Installing: /home/diego/uros_ws/install/micro_ros_msgs/lib/libmicro_ros_msgs__rosidl_typesupport_introspection_cpp.so
[4.325s] -- Set runtime path of "/home/diego/uros_ws/install/micro_ros_msgs/lib/libmicro_ros_msgs__rosidl_typesupport_introspection_cpp.so" to ""
[4.325s] -- Installing: /home/diego/uros_ws/install/micro_ros_msgs/lib/libmicro_ros_msgs__rosidl_typesupport_cpp.so
[4.325s] -- Set runtime path of "/home/diego/uros_ws/install/micro_ros_msgs/lib/libmicro_ros_msgs__rosidl_typesupport_cpp.so" to ""
[4.325s] -- Installing: /home/diego/uros_ws/install/micro_ros_msgs/share/micro_ros_msgs/environment/pythonpath.sh
[4.325s] -- Installing: /home/diego/uros_ws/install/micro_ros_msgs/share/micro_ros_msgs/environment/pythonpath.dsv
[4.326s] -- Installing: /home/diego/uros_ws/install/micro_ros_msgs/lib/python3.10/site-packages/micro_ros_msgs-3.0.1-py3.10.egg-info
[4.326s] -- Installing: /home/diego/uros_ws/install/micro_ros_msgs/lib/python3.10/site-packages/micro_ros_msgs-3.0.1-py3.10.egg-info/SOURCES.txt
[4.326s] -- Installing: /home/diego/uros_ws/install/micro_ros_msgs/lib/python3.10/site-packages/micro_ros_msgs-3.0.1-py3.10.egg-info/dependency_links.txt
[4.326s] -- Installing: /home/diego/uros_ws/install/micro_ros_msgs/lib/python3.10/site-packages/micro_ros_msgs-3.0.1-py3.10.egg-info/PKG-INFO
[4.326s] -- Installing: /home/diego/uros_ws/install/micro_ros_msgs/lib/python3.10/site-packages/micro_ros_msgs-3.0.1-py3.10.egg-info/top_level.txt
[4.326s] -- Installing: /home/diego/uros_ws/install/micro_ros_msgs/lib/python3.10/site-packages/micro_ros_msgs
[4.326s] -- Installing: /home/diego/uros_ws/install/micro_ros_msgs/lib/python3.10/site-packages/micro_ros_msgs/_micro_ros_msgs_s.ep.rosidl_typesupport_c.c
[4.327s] -- Installing: /home/diego/uros_ws/install/micro_ros_msgs/lib/python3.10/site-packages/micro_ros_msgs/micro_ros_msgs_s__rosidl_typesupport_introspection_c.cpython-310-x86_64-linux-gnu.so
[4.327s] -- Installing: /home/diego/uros_ws/install/micro_ros_msgs/lib/python3.10/site-packages/micro_ros_msgs/msg
[4.327s] -- Installing: /home/diego/uros_ws/install/micro_ros_msgs/lib/python3.10/site-packages/micro_ros_msgs/msg/_graph_s.c
[4.327s] -- Installing: /home/diego/uros_ws/install/micro_ros_msgs/lib/python3.10/site-packages/micro_ros_msgs/msg/_graph.py
[4.327s] -- Installing: /home/diego/uros_ws/install/micro_ros_msgs/lib/python3.10/site-packages/micro_ros_msgs/msg/__init__.py
[4.327s] -- Installing: /home/diego/uros_ws/install/micro_ros_msgs/lib/python3.10/site-packages/micro_ros_msgs/msg/_entity.py
[4.327s] -- Installing: /home/diego/uros_ws/install/micro_ros_msgs/lib/python3.10/site-packages/micro_ros_msgs/msg/_node.py
[4.327s] -- Installing: /home/diego/uros_ws/install/micro_ros_msgs/lib/python3.10/site-packages/micro_ros_msgs/msg/_entity_s.c
[4.328s] -- Installing: /home/diego/uros_ws/install/micro_ros_msgs/lib/python3.10/site-packages/micro_ros_msgs/msg/_node_s.c
[4.328s] -- Installing: /home/diego/uros_ws/install/micro_ros_msgs/lib/python3.10/site-packages/micro_ros_msgs/__init__.py
[4.328s] -- Installing: /home/diego/uros_ws/install/micro_ros_msgs/lib/python3.10/site-packages/micro_ros_msgs/micro_ros_msgs_s__rosidl_typesupport_fastrtps_c.cpython-310-x86_64-linux-gnu.so
[4.328s] -- Installing: /home/diego/uros_ws/install/micro_ros_msgs/lib/python3.10/site-packages/micro_ros_msgs/_micro_ros_msgs_s.ep.rosidl_typesupport_introspection_c.c
[4.328s] -- Installing: /home/diego/uros_ws/install/micro_ros_msgs/lib/python3.10/site-packages/micro_ros_msgs/micro_ros_msgs_s__rosidl_typesupport_c.cpython-310-x86_64-linux-gnu.so
[4.328s] -- Installing: /home/diego/uros_ws/install/micro_ros_msgs/lib/python3.10/site-packages/micro_ros_msgs/_micro_ros_msgs_s.ep.rosidl_typesupport_fastrtps_c.c
[4.328s] -- Installing: /home/diego/uros_ws/install/micro_ros_msgs/lib/python3.10/site-packages/micro_ros_msgs/libmicro_ros_msgs__rosidl_generator_py.so
[4.361s] Listing '/home/diego/uros_ws/install/micro_ros_msgs/lib/python3.10/site-packages/micro_ros_msgs'...
[4.361s] Compiling '/home/diego/uros_ws/install/micro_ros_msgs/lib/python3.10/site-packages/micro_ros_msgs/__init__.py'...
[4.361s] Listing '/home/diego/uros_ws/install/micro_ros_msgs/lib/python3.10/site-packages/micro_ros_msgs/msg'...
[4.361s] Compiling '/home/diego/uros_ws/install/micro_ros_msgs/lib/python3.10/site-packages/micro_ros_msgs/msg/__init__.py'...
[4.361s] Compiling '/home/diego/uros_ws/install/micro_ros_msgs/lib/python3.10/site-packages/micro_ros_msgs/msg/_entity.py'...
[4.361s] Compiling '/home/diego/uros_ws/install/micro_ros_msgs/lib/python3.10/site-packages/micro_ros_msgs/msg/_graph.py'...
[4.361s] Compiling '/home/diego/uros_ws/install/micro_ros_msgs/lib/python3.10/site-packages/micro_ros_msgs/msg/_node.py'...
[4.365s] -- Installing: /home/diego/uros_ws/install/micro_ros_msgs/lib/python3.10/site-packages/micro_ros_msgs/micro_ros_msgs_s__rosidl_typesupport_fastrtps_c.cpython-310-x86_64-linux-gnu.so
[4.366s] -- Set runtime path of "/home/diego/uros_ws/install/micro_ros_msgs/lib/python3.10/site-packages/micro_ros_msgs/micro_ros_msgs_s__rosidl_typesupport_fastrtps_c.cpython-310-x86_64-linux-gnu.so" to ""
[4.366s] -- Installing: /home/diego/uros_ws/install/micro_ros_msgs/lib/python3.10/site-packages/micro_ros_msgs/micro_ros_msgs_s__rosidl_typesupport_introspection_c.cpython-310-x86_64-linux-gnu.so
[4.366s] -- Set runtime path of "/home/diego/uros_ws/install/micro_ros_msgs/lib/python3.10/site-packages/micro_ros_msgs/micro_ros_msgs_s__rosidl_typesupport_introspection_c.cpython-310-x86_64-linux-gnu.so" to ""
[4.367s] -- Installing: /home/diego/uros_ws/install/micro_ros_msgs/lib/python3.10/site-packages/micro_ros_msgs/micro_ros_msgs_s__rosidl_typesupport_c.cpython-310-x86_64-linux-gnu.so
[4.367s] -- Set runtime path of "/home/diego/uros_ws/install/micro_ros_msgs/lib/python3.10/site-packages/micro_ros_msgs/micro_ros_msgs_s__rosidl_typesupport_c.cpython-310-x86_64-linux-gnu.so" to ""
[4.367s] -- Installing: /home/diego/uros_ws/install/micro_ros_msgs/lib/libmicro_ros_msgs__rosidl_generator_py.so
[4.367s] -- Set runtime path of "/home/diego/uros_ws/install/micro_ros_msgs/lib/libmicro_ros_msgs__rosidl_generator_py.so" to ""
[4.368s] -- Installing: /home/diego/uros_ws/install/micro_ros_msgs/share/ament_index/resource_index/rust_packages/micro_ros_msgs
[4.368s] -- Installing: /home/diego/uros_ws/install/micro_ros_msgs/share/micro_ros_msgs/rust
[4.368s] -- Installing: /home/diego/uros_ws/install/micro_ros_msgs/share/micro_ros_msgs/rust/build.rs
[4.368s] -- Installing: /home/diego/uros_ws/install/micro_ros_msgs/share/micro_ros_msgs/rust/src
[4.368s] -- Installing: /home/diego/uros_ws/install/micro_ros_msgs/share/micro_ros_msgs/rust/src/msg.rs
[4.368s] -- Installing: /home/diego/uros_ws/install/micro_ros_msgs/share/micro_ros_msgs/rust/src/msg
[4.368s] -- Installing: /home/diego/uros_ws/install/micro_ros_msgs/share/micro_ros_msgs/rust/src/msg/rmw.rs
[4.368s] -- Installing: /home/diego/uros_ws/install/micro_ros_msgs/share/micro_ros_msgs/rust/src/lib.rs
[4.368s] -- Installing: /home/diego/uros_ws/install/micro_ros_msgs/share/micro_ros_msgs/rust/Cargo.toml
[4.369s] -- Installing: /home/diego/uros_ws/install/micro_ros_msgs/share/micro_ros_msgs/msg/Graph.idl
[4.369s] -- Installing: /home/diego/uros_ws/install/micro_ros_msgs/share/micro_ros_msgs/msg/Node.idl
[4.369s] -- Installing: /home/diego/uros_ws/install/micro_ros_msgs/share/micro_ros_msgs/msg/Entity.idl
[4.369s] -- Installing: /home/diego/uros_ws/install/micro_ros_msgs/share/micro_ros_msgs/msg/Graph.msg
[4.369s] -- Installing: /home/diego/uros_ws/install/micro_ros_msgs/share/micro_ros_msgs/msg/Node.msg
[4.369s] -- Installing: /home/diego/uros_ws/install/micro_ros_msgs/share/micro_ros_msgs/msg/Entity.msg
[4.370s] -- Installing: /home/diego/uros_ws/install/micro_ros_msgs/share/ament_index/resource_index/package_run_dependencies/micro_ros_msgs
[4.370s] -- Installing: /home/diego/uros_ws/install/micro_ros_msgs/share/ament_index/resource_index/parent_prefix_path/micro_ros_msgs
[4.370s] -- Installing: /home/diego/uros_ws/install/micro_ros_msgs/share/micro_ros_msgs/environment/ament_prefix_path.sh
[4.370s] -- Installing: /home/diego/uros_ws/install/micro_ros_msgs/share/micro_ros_msgs/environment/ament_prefix_path.dsv
[4.370s] -- Installing: /home/diego/uros_ws/install/micro_ros_msgs/share/micro_ros_msgs/environment/path.sh
[4.370s] -- Installing: /home/diego/uros_ws/install/micro_ros_msgs/share/micro_ros_msgs/environment/path.dsv
[4.371s] -- Installing: /home/diego/uros_ws/install/micro_ros_msgs/share/micro_ros_msgs/local_setup.bash
[4.371s] -- Installing: /home/diego/uros_ws/install/micro_ros_msgs/share/micro_ros_msgs/local_setup.sh
[4.371s] -- Installing: /home/diego/uros_ws/install/micro_ros_msgs/share/micro_ros_msgs/local_setup.zsh
[4.371s] -- Installing: /home/diego/uros_ws/install/micro_ros_msgs/share/micro_ros_msgs/local_setup.dsv
[4.371s] -- Installing: /home/diego/uros_ws/install/micro_ros_msgs/share/micro_ros_msgs/package.dsv
[4.371s] -- Installing: /home/diego/uros_ws/install/micro_ros_msgs/share/ament_index/resource_index/packages/micro_ros_msgs
[4.372s] -- Installing: /home/diego/uros_ws/install/micro_ros_msgs/share/micro_ros_msgs/cmake/export_micro_ros_msgs__rosidl_generator_cExport.cmake
[4.372s] -- Installing: /home/diego/uros_ws/install/micro_ros_msgs/share/micro_ros_msgs/cmake/export_micro_ros_msgs__rosidl_generator_cExport-noconfig.cmake
[4.372s] -- Installing: /home/diego/uros_ws/install/micro_ros_msgs/share/micro_ros_msgs/cmake/export_micro_ros_msgs__rosidl_typesupport_fastrtps_cExport.cmake
[4.372s] -- Installing: /home/diego/uros_ws/install/micro_ros_msgs/share/micro_ros_msgs/cmake/export_micro_ros_msgs__rosidl_typesupport_fastrtps_cExport-noconfig.cmake
[4.372s] -- Installing: /home/diego/uros_ws/install/micro_ros_msgs/share/micro_ros_msgs/cmake/micro_ros_msgs__rosidl_typesupport_introspection_cExport.cmake
[4.372s] -- Installing: /home/diego/uros_ws/install/micro_ros_msgs/share/micro_ros_msgs/cmake/micro_ros_msgs__rosidl_typesupport_introspection_cExport-noconfig.cmake
[4.372s] -- Installing: /home/diego/uros_ws/install/micro_ros_msgs/share/micro_ros_msgs/cmake/micro_ros_msgs__rosidl_typesupport_cExport.cmake
[4.373s] -- Installing: /home/diego/uros_ws/install/micro_ros_msgs/share/micro_ros_msgs/cmake/micro_ros_msgs__rosidl_typesupport_cExport-noconfig.cmake
[4.373s] -- Installing: /home/diego/uros_ws/install/micro_ros_msgs/share/micro_ros_msgs/cmake/export_micro_ros_msgs__rosidl_generator_cppExport.cmake
[4.373s] -- Installing: /home/diego/uros_ws/install/micro_ros_msgs/share/micro_ros_msgs/cmake/export_micro_ros_msgs__rosidl_typesupport_fastrtps_cppExport.cmake
[4.373s] -- Installing: /home/diego/uros_ws/install/micro_ros_msgs/share/micro_ros_msgs/cmake/export_micro_ros_msgs__rosidl_typesupport_fastrtps_cppExport-noconfig.cmake
[4.373s] -- Installing: /home/diego/uros_ws/install/micro_ros_msgs/share/micro_ros_msgs/cmake/micro_ros_msgs__rosidl_typesupport_introspection_cppExport.cmake
[4.373s] -- Installing: /home/diego/uros_ws/install/micro_ros_msgs/share/micro_ros_msgs/cmake/micro_ros_msgs__rosidl_typesupport_introspection_cppExport-noconfig.cmake
[4.374s] -- Installing: /home/diego/uros_ws/install/micro_ros_msgs/share/micro_ros_msgs/cmake/micro_ros_msgs__rosidl_typesupport_cppExport.cmake
[4.374s] -- Installing: /home/diego/uros_ws/install/micro_ros_msgs/share/micro_ros_msgs/cmake/micro_ros_msgs__rosidl_typesupport_cppExport-noconfig.cmake
[4.374s] -- Installing: /home/diego/uros_ws/install/micro_ros_msgs/share/micro_ros_msgs/cmake/export_micro_ros_msgs__rosidl_generator_pyExport.cmake
[4.374s] -- Installing: /home/diego/uros_ws/install/micro_ros_msgs/share/micro_ros_msgs/cmake/export_micro_ros_msgs__rosidl_generator_pyExport-noconfig.cmake
[4.374s] -- Installing: /home/diego/uros_ws/install/micro_ros_msgs/share/micro_ros_msgs/cmake/rosidl_cmake-extras.cmake
[4.375s] -- Installing: /home/diego/uros_ws/install/micro_ros_msgs/share/micro_ros_msgs/cmake/ament_cmake_export_include_directories-extras.cmake
[4.375s] -- Installing: /home/diego/uros_ws/install/micro_ros_msgs/share/micro_ros_msgs/cmake/ament_cmake_export_libraries-extras.cmake
[4.375s] -- Installing: /home/diego/uros_ws/install/micro_ros_msgs/share/micro_ros_msgs/cmake/ament_cmake_export_targets-extras.cmake
[4.375s] -- Installing: /home/diego/uros_ws/install/micro_ros_msgs/share/micro_ros_msgs/cmake/rosidl_cmake_export_typesupport_targets-extras.cmake
[4.375s] -- Installing: /home/diego/uros_ws/install/micro_ros_msgs/share/micro_ros_msgs/cmake/ament_cmake_export_dependencies-extras.cmake
[4.375s] -- Installing: /home/diego/uros_ws/install/micro_ros_msgs/share/micro_ros_msgs/cmake/rosidl_cmake_export_typesupport_libraries-extras.cmake
[4.375s] -- Installing: /home/diego/uros_ws/install/micro_ros_msgs/share/micro_ros_msgs/cmake/rosidl_cmake_aggregate_target-extras.cmake
[4.376s] -- Installing: /home/diego/uros_ws/install/micro_ros_msgs/share/micro_ros_msgs/cmake/micro_ros_msgsConfig.cmake
[4.376s] -- Installing: /home/diego/uros_ws/install/micro_ros_msgs/share/micro_ros_msgs/cmake/micro_ros_msgsConfig-version.cmake
[4.376s] -- Installing: /home/diego/uros_ws/install/micro_ros_msgs/share/micro_ros_msgs/package.xml
[4.379s] Invoked command in '/home/diego/uros_ws/build/micro_ros_msgs' returned '0': CMAKE_PREFIX_PATH=${CMAKE_PREFIX_PATH}:/opt/ros/humble /usr/bin/cmake --install /home/diego/uros_ws/build/micro_ros_msgs
