[0.009s] Invoking command in '/home/diego/Ros2_fg_prj/build/fg_bridge': /usr/bin/cmake /home/diego/Ros2_fg_prj/src/fg_node -DCMAKE_INSTALL_PREFIX=/home/diego/Ros2_fg_prj/install/fg_bridge
[0.086s] -- The C compiler identification is GNU 11.4.0
[0.164s] -- The CXX compiler identification is GNU 11.4.0
[0.171s] -- Detecting C compiler ABI info
[0.234s] -- Detecting C compiler ABI info - done
[0.240s] -- Check for working C compiler: /usr/bin/cc - skipped
[0.241s] -- Detecting C compile features
[0.241s] -- Detecting C compile features - done
[0.244s] -- Detecting CXX compiler ABI info
[0.314s] -- Detecting CXX compiler ABI info - done
[0.321s] -- Check for working CXX compiler: /usr/bin/c++ - skipped
[0.321s] -- Detecting CXX compile features
[0.321s] -- Detecting CXX compile features - done
[0.336s] [31mCMake Error at CMakeLists.txt:9 (find_package):
[0.336s]   By not providing "Findament_cmake.cmake" in CMAKE_MODULE_PATH this project
[0.336s]   has asked CMake to find a package configuration file provided by
[0.336s]   "ament_cmake", but CMake did not find one.
[0.336s] 
[0.336s]   Could not find a package configuration file provided by "ament_cmake" with
[0.336s]   any of the following names:
[0.336s] 
[0.336s]     ament_cmakeConfig.cmake
[0.336s]     ament_cmake-config.cmake
[0.336s] 
[0.337s]   Add the installation prefix of "ament_cmake" to CMAKE_PREFIX_PATH or set
[0.337s]   "ament_cmake_DIR" to a directory containing one of the above files.  If
[0.337s]   "ament_cmake" provides a separate development package or SDK, be sure it
[0.337s]   has been installed.
[0.337s] 
[0.337s] [0m
[0.337s] -- Configuring incomplete, errors occurred!
[0.337s] See also "/home/diego/Ros2_fg_prj/build/fg_bridge/CMakeFiles/CMakeOutput.log".
[0.340s] Invoked command in '/home/diego/Ros2_fg_prj/build/fg_bridge' returned '1': /usr/bin/cmake /home/diego/Ros2_fg_prj/src/fg_node -DCMAKE_INSTALL_PREFIX=/home/diego/Ros2_fg_prj/install/fg_bridge
