[0.016s] Invoking command in '/home/diego/Ros2_fg_prj/build/fg_bridge': CMAKE_PREFIX_PATH=${CMAKE_PREFIX_PATH}:/opt/ros/humble /usr/bin/cmake /home/diego/Ros2_fg_prj/src/fg_node -DCMAKE_INSTALL_PREFIX=/home/diego/Ros2_fg_prj/install/fg_bridge
[0.088s] -- The C compiler identification is GNU 11.4.0
[0.149s] -- The CXX compiler identification is GNU 11.4.0
[0.156s] -- Detecting C compiler ABI info
[0.229s] -- Detecting C compiler ABI info - done
[0.236s] -- Check for working C compiler: /usr/bin/cc - skipped
[0.236s] -- Detecting C compile features
[0.236s] -- Detecting C compile features - done
[0.239s] -- Detecting CXX compiler ABI info
[0.328s] -- Detecting CXX compiler ABI info - done
[0.336s] -- Check for working CXX compiler: /usr/bin/c++ - skipped
[0.336s] -- Detecting CXX compile features
[0.337s] -- Detecting CXX compile features - done
[0.340s] -- Found ament_cmake: 1.3.14 (/opt/ros/humble/share/ament_cmake/cmake)
[0.499s] -- Found Python3: /usr/bin/python3 (found version "3.10.12") found components: Interpreter 
[0.594s] -- Found rclcpp: 16.0.19 (/opt/ros/humble/share/rclcpp/cmake)
[0.643s] -- Found rosidl_generator_c: 3.1.9 (/opt/ros/humble/share/rosidl_generator_c/cmake)
[0.650s] -- Found rosidl_adapter: 3.1.9 (/opt/ros/humble/share/rosidl_adapter/cmake)
[0.660s] -- Found rosidl_generator_cpp: 3.1.9 (/opt/ros/humble/share/rosidl_generator_cpp/cmake)
[0.672s] -- Using all available rosidl_typesupport_c: rosidl_typesupport_fastrtps_c;rosidl_typesupport_introspection_c
[0.690s] -- Using all available rosidl_typesupport_cpp: rosidl_typesupport_fastrtps_cpp;rosidl_typesupport_introspection_cpp
[0.740s] -- Found rmw_implementation_cmake: 6.1.2 (/opt/ros/humble/share/rmw_implementation_cmake/cmake)
[0.743s] -- Found rmw_fastrtps_cpp: 6.2.10 (/opt/ros/humble/share/rmw_fastrtps_cpp/cmake)
[0.846s] -- Found OpenSSL: /usr/lib/x86_64-linux-gnu/libcrypto.so (found version "3.0.2")  
[0.877s] -- Found FastRTPS: /opt/ros/humble/include  
[0.925s] -- Using RMW implementation 'rmw_fastrtps_cpp' as default
[0.936s] -- Looking for pthread.h
[1.016s] -- Looking for pthread.h - found
[1.016s] -- Performing Test CMAKE_HAVE_LIBC_PTHREAD
[1.099s] -- Performing Test CMAKE_HAVE_LIBC_PTHREAD - Success
[1.100s] -- Found Threads: TRUE  
[1.156s] -- Found sensor_msgs: 4.9.1 (/opt/ros/humble/share/sensor_msgs/cmake)
[1.187s] -- Found ament_lint_auto: 0.12.15 (/opt/ros/humble/share/ament_lint_auto/cmake)
[1.268s] -- Added test 'cppcheck' to perform static code analysis on C / C++ code
[1.268s] -- Configured cppcheck include dirs: 
[1.268s] -- Configured cppcheck exclude dirs and/or files: 
[1.269s] -- Added test 'lint_cmake' to check CMake code style
[1.270s] -- Added test 'uncrustify' to check C / C++ code style
[1.270s] -- Configured uncrustify additional arguments: 
[1.270s] -- Added test 'xmllint' to check XML markup files
[1.272s] -- Configuring done
[1.285s] -- Generating done
[1.290s] -- Build files have been written to: /home/diego/Ros2_fg_prj/build/fg_bridge
[1.301s] Invoked command in '/home/diego/Ros2_fg_prj/build/fg_bridge' returned '0': CMAKE_PREFIX_PATH=${CMAKE_PREFIX_PATH}:/opt/ros/humble /usr/bin/cmake /home/diego/Ros2_fg_prj/src/fg_node -DCMAKE_INSTALL_PREFIX=/home/diego/Ros2_fg_prj/install/fg_bridge
[1.302s] Invoking command in '/home/diego/Ros2_fg_prj/build/fg_bridge': CMAKE_PREFIX_PATH=${CMAKE_PREFIX_PATH}:/opt/ros/humble /usr/bin/cmake --build /home/diego/Ros2_fg_prj/build/fg_bridge -- -j12 -l12
[1.358s] [ 50%] [32mBuilding CXX object CMakeFiles/Ros2_main.dir/src/Ros2_main.cpp.o[0m
[1.358s] [ 50%] [32mBuilding CXX object CMakeFiles/Ros2fg_bridge.dir/src/Ros2fg_bridge.cpp.o[0m
[9.038s] [ 75%] [32m[1mLinking CXX executable Ros2_main[0m
[9.537s] [ 75%] Built target Ros2_main
[10.035s] [100%] [32m[1mLinking CXX executable Ros2fg_bridge[0m
[10.491s] [100%] Built target Ros2fg_bridge
[10.506s] Invoked command in '/home/diego/Ros2_fg_prj/build/fg_bridge' returned '0': CMAKE_PREFIX_PATH=${CMAKE_PREFIX_PATH}:/opt/ros/humble /usr/bin/cmake --build /home/diego/Ros2_fg_prj/build/fg_bridge -- -j12 -l12
[10.517s] Invoking command in '/home/diego/Ros2_fg_prj/build/fg_bridge': CMAKE_PREFIX_PATH=${CMAKE_PREFIX_PATH}:/opt/ros/humble /usr/bin/cmake --install /home/diego/Ros2_fg_prj/build/fg_bridge
[10.525s] -- Install configuration: ""
[10.525s] -- Installing: /home/diego/Ros2_fg_prj/install/fg_bridge/lib/fg_bridge/Ros2_main
[10.532s] -- Set runtime path of "/home/diego/Ros2_fg_prj/install/fg_bridge/lib/fg_bridge/Ros2_main" to ""
[10.532s] -- Installing: /home/diego/Ros2_fg_prj/install/fg_bridge/lib/fg_bridge/Ros2fg_bridge
[10.538s] -- Set runtime path of "/home/diego/Ros2_fg_prj/install/fg_bridge/lib/fg_bridge/Ros2fg_bridge" to ""
[10.538s] -- Installing: /home/diego/Ros2_fg_prj/install/fg_bridge/share/ament_index/resource_index/package_run_dependencies/fg_bridge
[10.538s] -- Installing: /home/diego/Ros2_fg_prj/install/fg_bridge/share/ament_index/resource_index/parent_prefix_path/fg_bridge
[10.538s] -- Up-to-date: /home/diego/Ros2_fg_prj/install/fg_bridge/share/fg_bridge/environment/ament_prefix_path.sh
[10.538s] -- Installing: /home/diego/Ros2_fg_prj/install/fg_bridge/share/fg_bridge/environment/ament_prefix_path.dsv
[10.539s] -- Up-to-date: /home/diego/Ros2_fg_prj/install/fg_bridge/share/fg_bridge/environment/path.sh
[10.539s] -- Installing: /home/diego/Ros2_fg_prj/install/fg_bridge/share/fg_bridge/environment/path.dsv
[10.539s] -- Installing: /home/diego/Ros2_fg_prj/install/fg_bridge/share/fg_bridge/local_setup.bash
[10.539s] -- Installing: /home/diego/Ros2_fg_prj/install/fg_bridge/share/fg_bridge/local_setup.sh
[10.539s] -- Installing: /home/diego/Ros2_fg_prj/install/fg_bridge/share/fg_bridge/local_setup.zsh
[10.540s] -- Installing: /home/diego/Ros2_fg_prj/install/fg_bridge/share/fg_bridge/local_setup.dsv
[10.540s] -- Installing: /home/diego/Ros2_fg_prj/install/fg_bridge/share/fg_bridge/package.dsv
[10.540s] -- Installing: /home/diego/Ros2_fg_prj/install/fg_bridge/share/ament_index/resource_index/packages/fg_bridge
[10.540s] -- Installing: /home/diego/Ros2_fg_prj/install/fg_bridge/share/fg_bridge/cmake/fg_bridgeConfig.cmake
[10.540s] -- Installing: /home/diego/Ros2_fg_prj/install/fg_bridge/share/fg_bridge/cmake/fg_bridgeConfig-version.cmake
[10.541s] -- Up-to-date: /home/diego/Ros2_fg_prj/install/fg_bridge/share/fg_bridge/package.xml
[10.543s] Invoked command in '/home/diego/Ros2_fg_prj/build/fg_bridge' returned '0': CMAKE_PREFIX_PATH=${CMAKE_PREFIX_PATH}:/opt/ros/humble /usr/bin/cmake --install /home/diego/Ros2_fg_prj/build/fg_bridge
